#
# There is insufficient memory for the Java Runtime Environment to continue.
# Native memory allocation (malloc) failed to allocate 684496 bytes for Chunk::new
# Possible reasons:
#   The system is out of physical RAM or swap space
#   The process is running with CompressedOops enabled, and the Java Heap may be blocking the growth of the native heap
# Possible solutions:
#   Reduce memory load on the system
#   Increase physical memory or swap space
#   Check if swap backing store is full
#   Decrease Java heap size (-Xmx/-Xms)
#   Decrease number of Java threads
#   Decrease Java thread stack sizes (-Xss)
#   Set larger code cache with -XX:ReservedCodeCacheSize=
#   JVM is running with Unscaled Compressed Oops mode in which the Java heap is
#     placed in the first 4GB address space. The Java Heap base address is the
#     maximum limit for the native heap growth. Please use -XX:HeapBaseMinAddress
#     to set the Java Heap base and to place the Java Heap above 4GB virtual address.
# This output file may be truncated or incomplete.
#
#  Out of Memory Error (./src/hotspot/share/memory/arena.cpp:197), pid=11844, tid=6472
#
# JRE version: OpenJDK Runtime Environment (11.0.10) (build 11.0.10+0-b96-7249189)
# Java VM: OpenJDK 64-Bit Server VM (11.0.10+0-b96-7249189, mixed mode, tiered, compressed oops, g1 gc, windows-amd64)
# No core dump will be written. Minidumps are not enabled by default on client versions of Windows
#

---------------  S U M M A R Y ------------

Command Line: --add-opens=java.base/java.util=ALL-UNNAMED --add-opens=java.base/java.lang=ALL-UNNAMED --add-opens=java.base/java.lang.invoke=ALL-UNNAMED --add-opens=java.base/java.util=ALL-UNNAMED --add-opens=java.prefs/java.util.prefs=ALL-UNNAMED --add-opens=java.prefs/java.util.prefs=ALL-UNNAMED --add-opens=java.base/java.nio.charset=ALL-UNNAMED --add-opens=java.base/java.net=ALL-UNNAMED --add-opens=java.base/java.util.concurrent.atomic=ALL-UNNAMED -Xmx2048m -Dfile.encoding=UTF-8 -Duser.country=RU -Duser.language=ru -Duser.variant org.gradle.launcher.daemon.bootstrap.GradleDaemon 7.0.2

Host: AMD Ryzen 5 3500U with Radeon Vega Mobile Gfx  , 8 cores, 14G,  Windows 10 , 64 bit Build 19041 (10.0.19041.1151)
Time: Wed Sep  8 11:09:30 2021 RTZ 2 (ηθμΰ) elapsed time: 29.053102 seconds (0d 0h 0m 29s)

---------------  T H R E A D  ---------------

Current thread (0x0000019ba39bd800):  JavaThread "C2 CompilerThread0" daemon [_thread_in_native, id=6472, stack(0x00000090ca600000,0x00000090ca700000)]


Current CompileTask:
C2:  29053 5541       4       org.gradle.internal.reflect.MethodSet::add (50 bytes)

Stack: [0x00000090ca600000,0x00000090ca700000]
Native frames: (J=compiled Java code, j=interpreted, Vv=VM code, C=native code)
V  [jvm.dll+0x5ecfaa]
V  [jvm.dll+0x722bd5]
V  [jvm.dll+0x72412d]
V  [jvm.dll+0x7247e3]
V  [jvm.dll+0x242928]
V  [jvm.dll+0xbc4fc]
V  [jvm.dll+0xbca0c]
V  [jvm.dll+0x352d7d]
V  [jvm.dll+0x19800c]
V  [jvm.dll+0x1fb70e]
V  [jvm.dll+0x1fa7f4]
V  [jvm.dll+0x18354c]
V  [jvm.dll+0x208ee7]
V  [jvm.dll+0x207731]
V  [jvm.dll+0x6eb1cf]
V  [jvm.dll+0x6e3d45]
V  [jvm.dll+0x5ebe96]
C  [ucrtbase.dll+0x21bb2]
C  [KERNEL32.DLL+0x17034]
C  [ntdll.dll+0x52651]


---------------  P R O C E S S  ---------------

Threads class SMR info:
_java_thread_list=0x0000019baa07ad70, length=50, elements={
0x0000019b88499800, 0x0000019ba312a000, 0x0000019ba312d800, 0x0000019ba3967800,
0x0000019ba3968800, 0x0000019ba396b800, 0x0000019ba39bd800, 0x0000019ba39c2800,
0x0000019ba39d6000, 0x0000019ba3b65800, 0x0000019ba3b68000, 0x0000019ba3b62800,
0x0000019ba3b69000, 0x0000019ba3b63000, 0x0000019ba3b65000, 0x0000019ba3b66800,
0x0000019ba3b64000, 0x0000019ba3b67800, 0x0000019ba3ee2800, 0x0000019ba3ee1000,
0x0000019ba3ee2000, 0x0000019ba3edd000, 0x0000019ba3ee3800, 0x0000019ba3ee0000,
0x0000019ba3edd800, 0x0000019ba3ede800, 0x0000019ba3ee4000, 0x0000019ba3ee5000,
0x0000019ba3edf800, 0x0000019ba3ee6000, 0x0000019ba3ee9000, 0x0000019ba3eeb800,
0x0000019ba3ee6800, 0x0000019ba3ee8800, 0x0000019ba3eea000, 0x0000019ba523e000,
0x0000019ba5244800, 0x0000019ba5240000, 0x0000019ba5241000, 0x0000019ba5243800,
0x0000019ba523e800, 0x0000019ba5245000, 0x0000019ba523f800, 0x0000019ba5246000,
0x0000019ba5242000, 0x0000019ba5246800, 0x0000019ba5247800, 0x0000019ba5248800,
0x0000019ba5242800, 0x0000019ba425a800
}

Java Threads: ( => current thread )
  0x0000019b88499800 JavaThread "main" [_thread_blocked, id=16160, stack(0x00000090c9a00000,0x00000090c9b00000)]
  0x0000019ba312a000 JavaThread "Reference Handler" daemon [_thread_blocked, id=10008, stack(0x00000090ca100000,0x00000090ca200000)]
  0x0000019ba312d800 JavaThread "Finalizer" daemon [_thread_blocked, id=19088, stack(0x00000090ca200000,0x00000090ca300000)]
  0x0000019ba3967800 JavaThread "Signal Dispatcher" daemon [_thread_blocked, id=19048, stack(0x00000090ca300000,0x00000090ca400000)]
  0x0000019ba3968800 JavaThread "Attach Listener" daemon [_thread_blocked, id=21212, stack(0x00000090ca400000,0x00000090ca500000)]
  0x0000019ba396b800 JavaThread "Service Thread" daemon [_thread_blocked, id=784, stack(0x00000090ca500000,0x00000090ca600000)]
=>0x0000019ba39bd800 JavaThread "C2 CompilerThread0" daemon [_thread_in_native, id=6472, stack(0x00000090ca600000,0x00000090ca700000)]
  0x0000019ba39c2800 JavaThread "C1 CompilerThread0" daemon [_thread_blocked, id=22272, stack(0x00000090ca700000,0x00000090ca800000)]
  0x0000019ba39d6000 JavaThread "Sweeper thread" daemon [_thread_blocked, id=9636, stack(0x00000090ca800000,0x00000090ca900000)]
  0x0000019ba3b65800 JavaThread "Common-Cleaner" daemon [_thread_blocked, id=11824, stack(0x00000090ca900000,0x00000090caa00000)]
  0x0000019ba3b68000 JavaThread "Daemon health stats" [_thread_blocked, id=18368, stack(0x00000090cb100000,0x00000090cb200000)]
  0x0000019ba3b62800 JavaThread "Incoming local TCP Connector on port 58699" [_thread_in_native, id=7332, stack(0x00000090cab00000,0x00000090cac00000)]
  0x0000019ba3b69000 JavaThread "Daemon periodic checks" [_thread_blocked, id=15832, stack(0x00000090cb000000,0x00000090cb100000)]
  0x0000019ba3b63000 JavaThread "Daemon" [_thread_blocked, id=5748, stack(0x00000090cb200000,0x00000090cb300000)]
  0x0000019ba3b65000 JavaThread "Handler for socket connection from /127.0.0.1:58699 to /127.0.0.1:58700" [_thread_in_native, id=10164, stack(0x00000090cb300000,0x00000090cb400000)]
  0x0000019ba3b66800 JavaThread "Cancel handler" [_thread_blocked, id=4864, stack(0x00000090cb400000,0x00000090cb500000)]
  0x0000019ba3b64000 JavaThread "Daemon worker" [_thread_in_vm, id=18256, stack(0x00000090cb500000,0x00000090cb600000)]
  0x0000019ba3b67800 JavaThread "Asynchronous log dispatcher for DefaultDaemonConnection: socket connection from /127.0.0.1:58699 to /127.0.0.1:58700" [_thread_blocked, id=10068, stack(0x00000090cb600000,0x00000090cb700000)]
  0x0000019ba3ee2800 JavaThread "Stdin handler" [_thread_blocked, id=16392, stack(0x00000090cb700000,0x00000090cb800000)]
  0x0000019ba3ee1000 JavaThread "Daemon client event forwarder" [_thread_blocked, id=9364, stack(0x00000090cb800000,0x00000090cb900000)]
  0x0000019ba3ee2000 JavaThread "Cache worker for file hash cache (C:\Users\ΠΠ½Π΄Ρ€ΠµΠΉ\.gradle\caches\7.0.2\fileHashes)" [_thread_blocked, id=14708, stack(0x00000090cbc00000,0x00000090cbd00000)]
  0x0000019ba3edd000 JavaThread "File lock request listener" [_thread_in_native, id=15712, stack(0x00000090cbd00000,0x00000090cbe00000)]
  0x0000019ba3ee3800 JavaThread "Cache worker for journal cache (C:\Users\ΠΠ½Π΄Ρ€ΠµΠΉ\.gradle\caches\journal-1)" [_thread_blocked, id=11448, stack(0x00000090cbf00000,0x00000090cc000000)]
  0x0000019ba3ee0000 JavaThread "Cache worker for file hash cache (D:\MyApplicationasdfg\.gradle\7.0.2\fileHashes)" [_thread_blocked, id=5216, stack(0x00000090cc200000,0x00000090cc300000)]
  0x0000019ba3edd800 JavaThread "File watcher server" daemon [_thread_in_native, id=21884, stack(0x00000090cc300000,0x00000090cc400000)]
  0x0000019ba3ede800 JavaThread "File watcher consumer" daemon [_thread_blocked, id=19804, stack(0x00000090cc400000,0x00000090cc500000)]
  0x0000019ba3ee4000 JavaThread "Cache worker for checksums cache (D:\MyApplicationasdfg\.gradle\checksums)" [_thread_blocked, id=3924, stack(0x00000090cc500000,0x00000090cc600000)]
  0x0000019ba3ee5000 JavaThread "Cache worker for cache directory md-supplier (C:\Users\ΠΠ½Π΄Ρ€ΠµΠΉ\.gradle\caches\7.0.2\md-supplier)" [_thread_blocked, id=948, stack(0x00000090cc600000,0x00000090cc700000)]
  0x0000019ba3edf800 JavaThread "Cache worker for cache directory md-rule (C:\Users\ΠΠ½Π΄Ρ€ΠµΠΉ\.gradle\caches\7.0.2\md-rule)" [_thread_blocked, id=15760, stack(0x00000090cc100000,0x00000090cc200000)]
  0x0000019ba3ee6000 JavaThread "Cache worker for execution history cache (C:\Users\ΠΠ½Π΄Ρ€ΠµΠΉ\.gradle\caches\7.0.2\executionHistory)" [_thread_blocked, id=15064, stack(0x00000090cc700000,0x00000090cc800000)]
  0x0000019ba3ee9000 JavaThread "jar transforms" [_thread_blocked, id=17068, stack(0x00000090cc900000,0x00000090cca00000)]
  0x0000019ba3eeb800 JavaThread "jar transforms Thread 2" [_thread_blocked, id=15716, stack(0x00000090cca00000,0x00000090ccb00000)]
  0x0000019ba3ee6800 JavaThread "Cache worker for file content cache (C:\Users\ΠΠ½Π΄Ρ€ΠµΠΉ\.gradle\caches\7.0.2\fileContent)" [_thread_blocked, id=20696, stack(0x00000090ccb00000,0x00000090ccc00000)]
  0x0000019ba3ee8800 JavaThread "Cache worker for dependencies-accessors (D:\MyApplicationasdfg\.gradle\7.0.2\dependencies-accessors)" [_thread_blocked, id=5248, stack(0x00000090ccc00000,0x00000090ccd00000)]
  0x0000019ba3eea000 JavaThread "jar transforms Thread 3" [_thread_blocked, id=22292, stack(0x00000090ccd00000,0x00000090cce00000)]
  0x0000019ba523e000 JavaThread "Cache worker for Build Output Cleanup Cache (D:\MyApplicationasdfg\.gradle\buildOutputCleanup)" [_thread_blocked, id=11316, stack(0x00000090cce00000,0x00000090ccf00000)]
  0x0000019ba5244800 JavaThread "Build operations" [_thread_blocked, id=6360, stack(0x00000090cc000000,0x00000090cc100000)]
  0x0000019ba5240000 JavaThread "Build operations Thread 2" [_thread_blocked, id=17572, stack(0x00000090cc800000,0x00000090cc900000)]
  0x0000019ba5241000 JavaThread "Build operations Thread 3" [_thread_blocked, id=3952, stack(0x00000090ccf00000,0x00000090cd000000)]
  0x0000019ba5243800 JavaThread "Build operations Thread 4" [_thread_blocked, id=17948, stack(0x00000090cd000000,0x00000090cd100000)]
  0x0000019ba523e800 JavaThread "Build operations Thread 5" [_thread_blocked, id=15296, stack(0x00000090cd100000,0x00000090cd200000)]
  0x0000019ba5245000 JavaThread "Build operations Thread 6" [_thread_blocked, id=6596, stack(0x00000090cd200000,0x00000090cd300000)]
  0x0000019ba523f800 JavaThread "Build operations Thread 7" [_thread_blocked, id=13404, stack(0x00000090cd300000,0x00000090cd400000)]
  0x0000019ba5246000 JavaThread "Build operations Thread 8" [_thread_blocked, id=17808, stack(0x00000090cd400000,0x00000090cd500000)]
  0x0000019ba5242000 JavaThread "jar transforms Thread 4" [_thread_blocked, id=21368, stack(0x00000090cd600000,0x00000090cd700000)]
  0x0000019ba5246800 JavaThread "jar transforms Thread 5" [_thread_blocked, id=1224, stack(0x00000090cd700000,0x00000090cd800000)]
  0x0000019ba5247800 JavaThread "jar transforms Thread 6" [_thread_blocked, id=12512, stack(0x00000090cd800000,0x00000090cd900000)]
  0x0000019ba5248800 JavaThread "jar transforms Thread 7" [_thread_blocked, id=14724, stack(0x00000090cd900000,0x00000090cda00000)]
  0x0000019ba5242800 JavaThread "jar transforms Thread 8" [_thread_blocked, id=21308, stack(0x00000090cda00000,0x00000090cdb00000)]
  0x0000019ba425a800 JavaThread "C2 CompilerThread1" daemon [_thread_blocked, id=17984, stack(0x00000090cd500000,0x00000090cd600000)]

Other Threads:
  0x0000019ba3128000 VMThread "VM Thread" [stack: 0x00000090ca000000,0x00000090ca100000] [id=18080]
  0x0000019ba3b6f000 WatcherThread [stack: 0x00000090caa00000,0x00000090cab00000] [id=12836]
  0x0000019b884b3000 GCTaskThread "GC Thread#0" [stack: 0x00000090c9b00000,0x00000090c9c00000] [id=21328]
  0x0000019ba48a2000 GCTaskThread "GC Thread#1" [stack: 0x00000090cac00000,0x00000090cad00000] [id=1972]
  0x0000019ba4674800 GCTaskThread "GC Thread#2" [stack: 0x00000090cad00000,0x00000090cae00000] [id=19760]
  0x0000019ba426c000 GCTaskThread "GC Thread#3" [stack: 0x00000090cae00000,0x00000090caf00000] [id=21284]
  0x0000019ba4677000 GCTaskThread "GC Thread#4" [stack: 0x00000090caf00000,0x00000090cb000000] [id=2332]
  0x0000019ba4227800 GCTaskThread "GC Thread#5" [stack: 0x00000090cb900000,0x00000090cba00000] [id=19316]
  0x0000019ba5e9d800 GCTaskThread "GC Thread#6" [stack: 0x00000090cba00000,0x00000090cbb00000] [id=20336]
  0x0000019ba6154800 GCTaskThread "GC Thread#7" [stack: 0x00000090cbb00000,0x00000090cbc00000] [id=17628]
  0x0000019b884e9000 ConcurrentGCThread "G1 Main Marker" [stack: 0x00000090c9c00000,0x00000090c9d00000] [id=11836]
  0x0000019b884ea800 ConcurrentGCThread "G1 Conc#0" [stack: 0x00000090c9d00000,0x00000090c9e00000] [id=13980]
  0x0000019ba4e35800 ConcurrentGCThread "G1 Conc#1" [stack: 0x00000090cbe00000,0x00000090cbf00000] [id=7964]
  0x0000019b8857e800 ConcurrentGCThread "G1 Refine#0" [stack: 0x00000090c9e00000,0x00000090c9f00000] [id=22108]
  0x0000019ba2f96800 ConcurrentGCThread "G1 Young RemSet Sampling" [stack: 0x00000090c9f00000,0x00000090ca000000] [id=21984]

Threads with active compile tasks:
C2 CompilerThread0  29103 5541       4       org.gradle.internal.reflect.MethodSet::add (50 bytes)

VM state:not at safepoint (normal execution)

VM Mutex/Monitor currently owned by a thread: None

Heap address: 0x0000000080000000, size: 2048 MB, Compressed Oops mode: 32-bit
Narrow klass base: 0x0000000000000000, Narrow klass shift: 3
Compressed class space size: 1073741824 Address: 0x0000000100000000

Heap:
 garbage-first heap   total 245760K, used 43727K [0x0000000080000000, 0x0000000100000000)
  region size 1024K, 20 young (20480K), 17 survivors (17408K)
 Metaspace       used 54371K, capacity 55823K, committed 56064K, reserved 1097728K
  class space    used 6907K, capacity 7423K, committed 7424K, reserved 1048576K
Heap Regions: E=young(eden), S=young(survivor), O=old, HS=humongous(starts), HC=humongous(continues), CS=collection set, F=free, A=archive, TAMS=top-at-mark-start (previous, next)
|   0|0x0000000080000000, 0x0000000080100000, 0x0000000080100000|100%| O|  |TAMS 0x0000000080100000, 0x0000000080000000| Untracked 
|   1|0x0000000080100000, 0x0000000080200000, 0x0000000080200000|100%| O|  |TAMS 0x0000000080200000, 0x0000000080100000| Untracked 
|   2|0x0000000080200000, 0x0000000080300000, 0x0000000080300000|100%| O|  |TAMS 0x0000000080300000, 0x0000000080200000| Untracked 
|   3|0x0000000080300000, 0x0000000080400000, 0x0000000080400000|100%|HS|  |TAMS 0x0000000080400000, 0x0000000080300000| Complete 
|   4|0x0000000080400000, 0x0000000080500000, 0x0000000080500000|100%|HC|  |TAMS 0x0000000080500000, 0x0000000080400000| Complete 
|   5|0x0000000080500000, 0x0000000080600000, 0x0000000080600000|100%|HC|  |TAMS 0x0000000080600000, 0x0000000080500000| Complete 
|   6|0x0000000080600000, 0x0000000080700000, 0x0000000080700000|100%| O|  |TAMS 0x0000000080700000, 0x0000000080600000| Untracked 
|   7|0x0000000080700000, 0x0000000080800000, 0x0000000080800000|100%| O|  |TAMS 0x0000000080800000, 0x0000000080700000| Untracked 
|   8|0x0000000080800000, 0x0000000080900000, 0x0000000080900000|100%| O|  |TAMS 0x0000000080900000, 0x0000000080800000| Untracked 
|   9|0x0000000080900000, 0x0000000080a00000, 0x0000000080a00000|100%| O|  |TAMS 0x0000000080a00000, 0x0000000080900000| Untracked 
|  10|0x0000000080a00000, 0x0000000080b00000, 0x0000000080b00000|100%| O|  |TAMS 0x0000000080b00000, 0x0000000080a00000| Untracked 
|  11|0x0000000080b00000, 0x0000000080c00000, 0x0000000080c00000|100%| O|  |TAMS 0x0000000080b5fc00, 0x0000000080b00000| Untracked 
|  12|0x0000000080c00000, 0x0000000080d00000, 0x0000000080d00000|100%|HS|  |TAMS 0x0000000080c00000, 0x0000000080c00000| Complete 
|  13|0x0000000080d00000, 0x0000000080e00000, 0x0000000080e00000|100%|HS|  |TAMS 0x0000000080d00000, 0x0000000080d00000| Complete 
|  14|0x0000000080e00000, 0x0000000080f00000, 0x0000000080f00000|100%|HS|  |TAMS 0x0000000080e00000, 0x0000000080e00000| Complete 
|  15|0x0000000080f00000, 0x0000000081000000, 0x0000000081000000|100%|HC|  |TAMS 0x0000000080f00000, 0x0000000080f00000| Complete 
|  16|0x0000000081000000, 0x0000000081100000, 0x0000000081100000|100%| O|  |TAMS 0x0000000081000000, 0x0000000081000000| Untracked 
|  17|0x0000000081100000, 0x0000000081200000, 0x0000000081200000|100%| O|  |TAMS 0x0000000081100000, 0x0000000081100000| Untracked 
|  18|0x0000000081200000, 0x0000000081300000, 0x0000000081300000|100%| O|  |TAMS 0x0000000081200000, 0x0000000081200000| Untracked 
|  19|0x0000000081300000, 0x0000000081400000, 0x0000000081400000|100%| O|  |TAMS 0x0000000081300000, 0x0000000081300000| Untracked 
|  20|0x0000000081400000, 0x0000000081500000, 0x0000000081500000|100%| O|  |TAMS 0x0000000081400000, 0x0000000081400000| Untracked 
|  21|0x0000000081500000, 0x0000000081600000, 0x0000000081600000|100%| O|  |TAMS 0x0000000081500000, 0x0000000081500000| Untracked 
|  22|0x0000000081600000, 0x0000000081700000, 0x0000000081700000|100%| O|  |TAMS 0x0000000081600000, 0x0000000081600000| Untracked 
|  23|0x0000000081700000, 0x00000000817b3c00, 0x0000000081800000| 70%| O|  |TAMS 0x0000000081700000, 0x0000000081700000| Untracked 
|  24|0x0000000081800000, 0x0000000081800000, 0x0000000081900000|  0%| F|  |TAMS 0x0000000081800000, 0x0000000081800000| Untracked 
|  25|0x0000000081900000, 0x0000000081900000, 0x0000000081a00000|  0%| F|  |TAMS 0x0000000081900000, 0x0000000081900000| Untracked 
|  26|0x0000000081a00000, 0x0000000081a00000, 0x0000000081b00000|  0%| F|  |TAMS 0x0000000081a00000, 0x0000000081a00000| Untracked 
|  27|0x0000000081b00000, 0x0000000081b00000, 0x0000000081c00000|  0%| F|  |TAMS 0x0000000081b00000, 0x0000000081b00000| Untracked 
|  28|0x0000000081c00000, 0x0000000081c00000, 0x0000000081d00000|  0%| F|  |TAMS 0x0000000081c00000, 0x0000000081c00000| Untracked 
|  29|0x0000000081d00000, 0x0000000081d00000, 0x0000000081e00000|  0%| F|  |TAMS 0x0000000081d00000, 0x0000000081d00000| Untracked 
|  30|0x0000000081e00000, 0x0000000081e00000, 0x0000000081f00000|  0%| F|  |TAMS 0x0000000081e00000, 0x0000000081e00000| Untracked 
|  31|0x0000000081f00000, 0x0000000081f00000, 0x0000000082000000|  0%| F|  |TAMS 0x0000000081f00000, 0x0000000081f00000| Untracked 
|  32|0x0000000082000000, 0x0000000082000000, 0x0000000082100000|  0%| F|  |TAMS 0x0000000082000000, 0x0000000082000000| Untracked 
|  33|0x0000000082100000, 0x0000000082100000, 0x0000000082200000|  0%| F|  |TAMS 0x0000000082100000, 0x0000000082100000| Untracked 
|  34|0x0000000082200000, 0x0000000082200000, 0x0000000082300000|  0%| F|  |TAMS 0x0000000082200000, 0x0000000082200000| Untracked 
|  35|0x0000000082300000, 0x0000000082300000, 0x0000000082400000|  0%| F|  |TAMS 0x0000000082300000, 0x0000000082300000| Untracked 
|  36|0x0000000082400000, 0x0000000082400000, 0x0000000082500000|  0%| F|  |TAMS 0x0000000082400000, 0x0000000082400000| Untracked 
|  37|0x0000000082500000, 0x0000000082500000, 0x0000000082600000|  0%| F|  |TAMS 0x0000000082500000, 0x0000000082500000| Untracked 
|  38|0x0000000082600000, 0x0000000082600000, 0x0000000082700000|  0%| F|  |TAMS 0x0000000082600000, 0x0000000082600000| Untracked 
|  39|0x0000000082700000, 0x0000000082700000, 0x0000000082800000|  0%| F|  |TAMS 0x0000000082700000, 0x0000000082700000| Untracked 
|  40|0x0000000082800000, 0x0000000082800000, 0x0000000082900000|  0%| F|  |TAMS 0x0000000082800000, 0x0000000082800000| Untracked 
|  41|0x0000000082900000, 0x0000000082900000, 0x0000000082a00000|  0%| F|  |TAMS 0x0000000082900000, 0x0000000082900000| Untracked 
|  42|0x0000000082a00000, 0x0000000082a00000, 0x0000000082b00000|  0%| F|  |TAMS 0x0000000082a00000, 0x0000000082a00000| Untracked 
|  43|0x0000000082b00000, 0x0000000082b00000, 0x0000000082c00000|  0%| F|  |TAMS 0x0000000082b00000, 0x0000000082b00000| Untracked 
|  44|0x0000000082c00000, 0x0000000082c00000, 0x0000000082d00000|  0%| F|  |TAMS 0x0000000082c00000, 0x0000000082c00000| Untracked 
|  45|0x0000000082d00000, 0x0000000082d00000, 0x0000000082e00000|  0%| F|  |TAMS 0x0000000082d00000, 0x0000000082d00000| Untracked 
|  46|0x0000000082e00000, 0x0000000082e00000, 0x0000000082f00000|  0%| F|  |TAMS 0x0000000082e00000, 0x0000000082e00000| Untracked 
|  47|0x0000000082f00000, 0x0000000082f00000, 0x0000000083000000|  0%| F|  |TAMS 0x0000000082f00000, 0x0000000082f00000| Untracked 
|  48|0x0000000083000000, 0x0000000083000000, 0x0000000083100000|  0%| F|  |TAMS 0x0000000083000000, 0x0000000083000000| Untracked 
|  49|0x0000000083100000, 0x0000000083100000, 0x0000000083200000|  0%| F|  |TAMS 0x0000000083100000, 0x0000000083100000| Untracked 
|  50|0x0000000083200000, 0x0000000083200000, 0x0000000083300000|  0%| F|  |TAMS 0x0000000083200000, 0x0000000083200000| Untracked 
|  51|0x0000000083300000, 0x0000000083300000, 0x0000000083400000|  0%| F|  |TAMS 0x0000000083300000, 0x0000000083300000| Untracked 
|  52|0x0000000083400000, 0x0000000083400000, 0x0000000083500000|  0%| F|  |TAMS 0x0000000083400000, 0x0000000083400000| Untracked 
|  53|0x0000000083500000, 0x0000000083500000, 0x0000000083600000|  0%| F|  |TAMS 0x0000000083500000, 0x0000000083500000| Untracked 
|  54|0x0000000083600000, 0x0000000083600000, 0x0000000083700000|  0%| F|  |TAMS 0x0000000083600000, 0x0000000083600000| Untracked 
|  55|0x0000000083700000, 0x0000000083700000, 0x0000000083800000|  0%| F|  |TAMS 0x0000000083700000, 0x0000000083700000| Untracked 
|  56|0x0000000083800000, 0x0000000083800000, 0x0000000083900000|  0%| F|  |TAMS 0x0000000083800000, 0x0000000083800000| Untracked 
|  57|0x0000000083900000, 0x0000000083900000, 0x0000000083a00000|  0%| F|  |TAMS 0x0000000083900000, 0x0000000083900000| Untracked 
|  58|0x0000000083a00000, 0x0000000083a00000, 0x0000000083b00000|  0%| F|  |TAMS 0x0000000083a00000, 0x0000000083a00000| Untracked 
|  59|0x0000000083b00000, 0x0000000083b00000, 0x0000000083c00000|  0%| F|  |TAMS 0x0000000083b00000, 0x0000000083b00000| Untracked 
|  60|0x0000000083c00000, 0x0000000083c00000, 0x0000000083d00000|  0%| F|  |TAMS 0x0000000083c00000, 0x0000000083c00000| Untracked 
|  61|0x0000000083d00000, 0x0000000083d00000, 0x0000000083e00000|  0%| F|  |TAMS 0x0000000083d00000, 0x0000000083d00000| Untracked 
|  62|0x0000000083e00000, 0x0000000083e00000, 0x0000000083f00000|  0%| F|  |TAMS 0x0000000083e00000, 0x0000000083e00000| Untracked 
|  63|0x0000000083f00000, 0x0000000083f00000, 0x0000000084000000|  0%| F|  |TAMS 0x0000000083f00000, 0x0000000083f00000| Untracked 
|  64|0x0000000084000000, 0x0000000084000000, 0x0000000084100000|  0%| F|  |TAMS 0x0000000084000000, 0x0000000084000000| Untracked 
|  65|0x0000000084100000, 0x0000000084100000, 0x0000000084200000|  0%| F|  |TAMS 0x0000000084100000, 0x0000000084100000| Untracked 
|  66|0x0000000084200000, 0x0000000084200000, 0x0000000084300000|  0%| F|  |TAMS 0x0000000084200000, 0x0000000084200000| Untracked 
|  67|0x0000000084300000, 0x0000000084300000, 0x0000000084400000|  0%| F|  |TAMS 0x0000000084300000, 0x0000000084300000| Untracked 
|  68|0x0000000084400000, 0x0000000084400000, 0x0000000084500000|  0%| F|  |TAMS 0x0000000084400000, 0x0000000084400000| Untracked 
|  69|0x0000000084500000, 0x0000000084500000, 0x0000000084600000|  0%| F|  |TAMS 0x0000000084500000, 0x0000000084500000| Untracked 
|  70|0x0000000084600000, 0x0000000084600000, 0x0000000084700000|  0%| F|  |TAMS 0x0000000084600000, 0x0000000084600000| Untracked 
|  71|0x0000000084700000, 0x0000000084700000, 0x0000000084800000|  0%| F|  |TAMS 0x0000000084700000, 0x0000000084700000| Untracked 
|  72|0x0000000084800000, 0x0000000084800000, 0x0000000084900000|  0%| F|  |TAMS 0x0000000084800000, 0x0000000084800000| Untracked 
|  73|0x0000000084900000, 0x0000000084900000, 0x0000000084a00000|  0%| F|  |TAMS 0x0000000084900000, 0x0000000084900000| Untracked 
|  74|0x0000000084a00000, 0x0000000084a00000, 0x0000000084b00000|  0%| F|  |TAMS 0x0000000084a00000, 0x0000000084a00000| Untracked 
|  75|0x0000000084b00000, 0x0000000084b00000, 0x0000000084c00000|  0%| F|  |TAMS 0x0000000084b00000, 0x0000000084b00000| Untracked 
|  76|0x0000000084c00000, 0x0000000084c00000, 0x0000000084d00000|  0%| F|  |TAMS 0x0000000084c00000, 0x0000000084c00000| Untracked 
|  77|0x0000000084d00000, 0x0000000084d00000, 0x0000000084e00000|  0%| F|  |TAMS 0x0000000084d00000, 0x0000000084d00000| Untracked 
|  78|0x0000000084e00000, 0x0000000084e00000, 0x0000000084f00000|  0%| F|  |TAMS 0x0000000084e00000, 0x0000000084e00000| Untracked 
|  79|0x0000000084f00000, 0x0000000084f00000, 0x0000000085000000|  0%| F|  |TAMS 0x0000000084f00000, 0x0000000084f00000| Untracked 
|  80|0x0000000085000000, 0x0000000085000000, 0x0000000085100000|  0%| F|  |TAMS 0x0000000085000000, 0x0000000085000000| Untracked 
|  81|0x0000000085100000, 0x0000000085100000, 0x0000000085200000|  0%| F|  |TAMS 0x0000000085100000, 0x0000000085100000| Untracked 
|  82|0x0000000085200000, 0x0000000085200000, 0x0000000085300000|  0%| F|  |TAMS 0x0000000085200000, 0x0000000085200000| Untracked 
|  83|0x0000000085300000, 0x0000000085300000, 0x0000000085400000|  0%| F|  |TAMS 0x0000000085300000, 0x0000000085300000| Untracked 
|  84|0x0000000085400000, 0x0000000085400000, 0x0000000085500000|  0%| F|  |TAMS 0x0000000085400000, 0x0000000085400000| Untracked 
|  85|0x0000000085500000, 0x0000000085500000, 0x0000000085600000|  0%| F|  |TAMS 0x0000000085500000, 0x0000000085500000| Untracked 
|  86|0x0000000085600000, 0x0000000085600000, 0x0000000085700000|  0%| F|  |TAMS 0x0000000085600000, 0x0000000085600000| Untracked 
|  87|0x0000000085700000, 0x0000000085700000, 0x0000000085800000|  0%| F|  |TAMS 0x0000000085700000, 0x0000000085700000| Untracked 
|  88|0x0000000085800000, 0x0000000085800000, 0x0000000085900000|  0%| F|  |TAMS 0x0000000085800000, 0x0000000085800000| Untracked 
|  89|0x0000000085900000, 0x0000000085a00000, 0x0000000085a00000|100%| S|CS|TAMS 0x0000000085900000, 0x0000000085900000| Complete 
|  90|0x0000000085a00000, 0x0000000085b00000, 0x0000000085b00000|100%| S|CS|TAMS 0x0000000085a00000, 0x0000000085a00000| Complete 
|  91|0x0000000085b00000, 0x0000000085c00000, 0x0000000085c00000|100%| S|CS|TAMS 0x0000000085b00000, 0x0000000085b00000| Complete 
|  92|0x0000000085c00000, 0x0000000085d00000, 0x0000000085d00000|100%| S|CS|TAMS 0x0000000085c00000, 0x0000000085c00000| Complete 
|  93|0x0000000085d00000, 0x0000000085e00000, 0x0000000085e00000|100%| S|CS|TAMS 0x0000000085d00000, 0x0000000085d00000| Complete 
|  94|0x0000000085e00000, 0x0000000085f00000, 0x0000000085f00000|100%| S|CS|TAMS 0x0000000085e00000, 0x0000000085e00000| Complete 
|  95|0x0000000085f00000, 0x0000000086000000, 0x0000000086000000|100%| S|CS|TAMS 0x0000000085f00000, 0x0000000085f00000| Complete 
|  96|0x0000000086000000, 0x0000000086100000, 0x0000000086100000|100%| S|CS|TAMS 0x0000000086000000, 0x0000000086000000| Complete 
|  97|0x0000000086100000, 0x0000000086200000, 0x0000000086200000|100%| S|CS|TAMS 0x0000000086100000, 0x0000000086100000| Complete 
|  98|0x0000000086200000, 0x0000000086300000, 0x0000000086300000|100%| S|CS|TAMS 0x0000000086200000, 0x0000000086200000| Complete 
|  99|0x0000000086300000, 0x0000000086400000, 0x0000000086400000|100%| S|CS|TAMS 0x0000000086300000, 0x0000000086300000| Complete 
| 100|0x0000000086400000, 0x0000000086500000, 0x0000000086500000|100%| S|CS|TAMS 0x0000000086400000, 0x0000000086400000| Complete 
| 101|0x0000000086500000, 0x0000000086600000, 0x0000000086600000|100%| S|CS|TAMS 0x0000000086500000, 0x0000000086500000| Complete 
| 102|0x0000000086600000, 0x0000000086700000, 0x0000000086700000|100%| S|CS|TAMS 0x0000000086600000, 0x0000000086600000| Complete 
| 103|0x0000000086700000, 0x0000000086800000, 0x0000000086800000|100%| S|CS|TAMS 0x0000000086700000, 0x0000000086700000| Complete 
| 104|0x0000000086800000, 0x0000000086900000, 0x0000000086900000|100%| S|CS|TAMS 0x0000000086800000, 0x0000000086800000| Complete 
| 105|0x0000000086900000, 0x0000000086a00000, 0x0000000086a00000|100%| S|CS|TAMS 0x0000000086900000, 0x0000000086900000| Complete 
| 106|0x0000000086a00000, 0x0000000086a00000, 0x0000000086b00000|  0%| F|  |TAMS 0x0000000086a00000, 0x0000000086a00000| Untracked 
| 107|0x0000000086b00000, 0x0000000086b00000, 0x0000000086c00000|  0%| F|  |TAMS 0x0000000086b00000, 0x0000000086b00000| Untracked 
| 108|0x0000000086c00000, 0x0000000086c00000, 0x0000000086d00000|  0%| F|  |TAMS 0x0000000086c00000, 0x0000000086c00000| Untracked 
| 109|0x0000000086d00000, 0x0000000086d00000, 0x0000000086e00000|  0%| F|  |TAMS 0x0000000086d00000, 0x0000000086d00000| Untracked 
| 110|0x0000000086e00000, 0x0000000086e00000, 0x0000000086f00000|  0%| F|  |TAMS 0x0000000086e00000, 0x0000000086e00000| Untracked 
| 111|0x0000000086f00000, 0x0000000086f00000, 0x0000000087000000|  0%| F|  |TAMS 0x0000000086f00000, 0x0000000086f00000| Untracked 
| 112|0x0000000087000000, 0x0000000087000000, 0x0000000087100000|  0%| F|  |TAMS 0x0000000087000000, 0x0000000087000000| Untracked 
| 113|0x0000000087100000, 0x0000000087100000, 0x0000000087200000|  0%| F|  |TAMS 0x0000000087100000, 0x0000000087100000| Untracked 
| 114|0x0000000087200000, 0x0000000087200000, 0x0000000087300000|  0%| F|  |TAMS 0x0000000087200000, 0x0000000087200000| Untracked 
| 115|0x0000000087300000, 0x0000000087300000, 0x0000000087400000|  0%| F|  |TAMS 0x0000000087300000, 0x0000000087300000| Untracked 
| 116|0x0000000087400000, 0x0000000087400000, 0x0000000087500000|  0%| F|  |TAMS 0x0000000087400000, 0x0000000087400000| Untracked 
| 117|0x0000000087500000, 0x0000000087500000, 0x0000000087600000|  0%| F|  |TAMS 0x0000000087500000, 0x0000000087500000| Untracked 
| 118|0x0000000087600000, 0x0000000087600000, 0x0000000087700000|  0%| F|  |TAMS 0x0000000087600000, 0x0000000087600000| Untracked 
| 119|0x0000000087700000, 0x0000000087700000, 0x0000000087800000|  0%| F|  |TAMS 0x0000000087700000, 0x0000000087700000| Untracked 
| 120|0x0000000087800000, 0x0000000087800000, 0x0000000087900000|  0%| F|  |TAMS 0x0000000087800000, 0x0000000087800000| Untracked 
| 121|0x0000000087900000, 0x0000000087900000, 0x0000000087a00000|  0%| F|  |TAMS 0x0000000087900000, 0x0000000087900000| Untracked 
| 122|0x0000000087a00000, 0x0000000087a00000, 0x0000000087b00000|  0%| F|  |TAMS 0x0000000087a00000, 0x0000000087a00000| Untracked 
| 123|0x0000000087b00000, 0x0000000087b00000, 0x0000000087c00000|  0%| F|  |TAMS 0x0000000087b00000, 0x0000000087b00000| Untracked 
| 124|0x0000000087c00000, 0x0000000087c00000, 0x0000000087d00000|  0%| F|  |TAMS 0x0000000087c00000, 0x0000000087c00000| Untracked 
| 125|0x0000000087d00000, 0x0000000087d00000, 0x0000000087e00000|  0%| F|  |TAMS 0x0000000087d00000, 0x0000000087d00000| Untracked 
| 126|0x0000000087e00000, 0x0000000087e00000, 0x0000000087f00000|  0%| F|  |TAMS 0x0000000087e00000, 0x0000000087e00000| Untracked 
| 127|0x0000000087f00000, 0x0000000087f00000, 0x0000000088000000|  0%| F|  |TAMS 0x0000000087f00000, 0x0000000087f00000| Untracked 
| 128|0x0000000088000000, 0x0000000088000000, 0x0000000088100000|  0%| F|  |TAMS 0x0000000088000000, 0x0000000088000000| Untracked 
| 129|0x0000000088100000, 0x0000000088100000, 0x0000000088200000|  0%| F|  |TAMS 0x0000000088100000, 0x0000000088100000| Untracked 
| 130|0x0000000088200000, 0x0000000088200000, 0x0000000088300000|  0%| F|  |TAMS 0x0000000088200000, 0x0000000088200000| Untracked 
| 131|0x0000000088300000, 0x0000000088300000, 0x0000000088400000|  0%| F|  |TAMS 0x0000000088300000, 0x0000000088300000| Untracked 
| 132|0x0000000088400000, 0x0000000088400000, 0x0000000088500000|  0%| F|  |TAMS 0x0000000088400000, 0x0000000088400000| Untracked 
| 133|0x0000000088500000, 0x0000000088500000, 0x0000000088600000|  0%| F|  |TAMS 0x0000000088500000, 0x0000000088500000| Untracked 
| 134|0x0000000088600000, 0x0000000088600000, 0x0000000088700000|  0%| F|  |TAMS 0x0000000088600000, 0x0000000088600000| Untracked 
| 135|0x0000000088700000, 0x0000000088700000, 0x0000000088800000|  0%| F|  |TAMS 0x0000000088700000, 0x0000000088700000| Untracked 
| 136|0x0000000088800000, 0x0000000088800000, 0x0000000088900000|  0%| F|  |TAMS 0x0000000088800000, 0x0000000088800000| Untracked 
| 137|0x0000000088900000, 0x0000000088900000, 0x0000000088a00000|  0%| F|  |TAMS 0x0000000088900000, 0x0000000088900000| Untracked 
| 138|0x0000000088a00000, 0x0000000088a00000, 0x0000000088b00000|  0%| F|  |TAMS 0x0000000088a00000, 0x0000000088a00000| Untracked 
| 139|0x0000000088b00000, 0x0000000088b00000, 0x0000000088c00000|  0%| F|  |TAMS 0x0000000088b00000, 0x0000000088b00000| Untracked 
| 140|0x0000000088c00000, 0x0000000088c00000, 0x0000000088d00000|  0%| F|  |TAMS 0x0000000088c00000, 0x0000000088c00000| Untracked 
| 141|0x0000000088d00000, 0x0000000088d00000, 0x0000000088e00000|  0%| F|  |TAMS 0x0000000088d00000, 0x0000000088d00000| Untracked 
| 142|0x0000000088e00000, 0x0000000088e00000, 0x0000000088f00000|  0%| F|  |TAMS 0x0000000088e00000, 0x0000000088e00000| Untracked 
| 143|0x0000000088f00000, 0x0000000088f00000, 0x0000000089000000|  0%| F|  |TAMS 0x0000000088f00000, 0x0000000088f00000| Untracked 
| 144|0x0000000089000000, 0x0000000089000000, 0x0000000089100000|  0%| F|  |TAMS 0x0000000089000000, 0x0000000089000000| Untracked 
| 145|0x0000000089100000, 0x0000000089100000, 0x0000000089200000|  0%| F|  |TAMS 0x0000000089100000, 0x0000000089100000| Untracked 
| 146|0x0000000089200000, 0x0000000089200000, 0x0000000089300000|  0%| F|  |TAMS 0x0000000089200000, 0x0000000089200000| Untracked 
| 147|0x0000000089300000, 0x0000000089300000, 0x0000000089400000|  0%| F|  |TAMS 0x0000000089300000, 0x0000000089300000| Untracked 
| 148|0x0000000089400000, 0x0000000089400000, 0x0000000089500000|  0%| F|  |TAMS 0x0000000089400000, 0x0000000089400000| Untracked 
| 149|0x0000000089500000, 0x0000000089500000, 0x0000000089600000|  0%| F|  |TAMS 0x0000000089500000, 0x0000000089500000| Untracked 
| 150|0x0000000089600000, 0x0000000089600000, 0x0000000089700000|  0%| F|  |TAMS 0x0000000089600000, 0x0000000089600000| Untracked 
| 151|0x0000000089700000, 0x0000000089700000, 0x0000000089800000|  0%| F|  |TAMS 0x0000000089700000, 0x0000000089700000| Untracked 
| 152|0x0000000089800000, 0x0000000089800000, 0x0000000089900000|  0%| F|  |TAMS 0x0000000089800000, 0x0000000089800000| Untracked 
| 153|0x0000000089900000, 0x0000000089900000, 0x0000000089a00000|  0%| F|  |TAMS 0x0000000089900000, 0x0000000089900000| Untracked 
| 154|0x0000000089a00000, 0x0000000089a00000, 0x0000000089b00000|  0%| F|  |TAMS 0x0000000089a00000, 0x0000000089a00000| Untracked 
| 155|0x0000000089b00000, 0x0000000089b00000, 0x0000000089c00000|  0%| F|  |TAMS 0x0000000089b00000, 0x0000000089b00000| Untracked 
| 156|0x0000000089c00000, 0x0000000089c00000, 0x0000000089d00000|  0%| F|  |TAMS 0x0000000089c00000, 0x0000000089c00000| Untracked 
| 157|0x0000000089d00000, 0x0000000089d00000, 0x0000000089e00000|  0%| F|  |TAMS 0x0000000089d00000, 0x0000000089d00000| Untracked 
| 158|0x0000000089e00000, 0x0000000089e00000, 0x0000000089f00000|  0%| F|  |TAMS 0x0000000089e00000, 0x0000000089e00000| Untracked 
| 159|0x0000000089f00000, 0x0000000089f00000, 0x000000008a000000|  0%| F|  |TAMS 0x0000000089f00000, 0x0000000089f00000| Untracked 
| 160|0x000000008a000000, 0x000000008a000000, 0x000000008a100000|  0%| F|  |TAMS 0x000000008a000000, 0x000000008a000000| Untracked 
| 161|0x000000008a100000, 0x000000008a100000, 0x000000008a200000|  0%| F|  |TAMS 0x000000008a100000, 0x000000008a100000| Untracked 
| 162|0x000000008a200000, 0x000000008a200000, 0x000000008a300000|  0%| F|  |TAMS 0x000000008a200000, 0x000000008a200000| Untracked 
| 163|0x000000008a300000, 0x000000008a300000, 0x000000008a400000|  0%| F|  |TAMS 0x000000008a300000, 0x000000008a300000| Untracked 
| 164|0x000000008a400000, 0x000000008a400000, 0x000000008a500000|  0%| F|  |TAMS 0x000000008a400000, 0x000000008a400000| Untracked 
| 165|0x000000008a500000, 0x000000008a500000, 0x000000008a600000|  0%| F|  |TAMS 0x000000008a500000, 0x000000008a500000| Untracked 
| 166|0x000000008a600000, 0x000000008a600000, 0x000000008a700000|  0%| F|  |TAMS 0x000000008a600000, 0x000000008a600000| Untracked 
| 167|0x000000008a700000, 0x000000008a700000, 0x000000008a800000|  0%| F|  |TAMS 0x000000008a700000, 0x000000008a700000| Untracked 
| 168|0x000000008a800000, 0x000000008a800000, 0x000000008a900000|  0%| F|  |TAMS 0x000000008a800000, 0x000000008a800000| Untracked 
| 169|0x000000008a900000, 0x000000008a900000, 0x000000008aa00000|  0%| F|  |TAMS 0x000000008a900000, 0x000000008a900000| Untracked 
| 170|0x000000008aa00000, 0x000000008aa00000, 0x000000008ab00000|  0%| F|  |TAMS 0x000000008aa00000, 0x000000008aa00000| Untracked 
| 171|0x000000008ab00000, 0x000000008ab00000, 0x000000008ac00000|  0%| F|  |TAMS 0x000000008ab00000, 0x000000008ab00000| Untracked 
| 172|0x000000008ac00000, 0x000000008ac00000, 0x000000008ad00000|  0%| F|  |TAMS 0x000000008ac00000, 0x000000008ac00000| Untracked 
| 173|0x000000008ad00000, 0x000000008ad00000, 0x000000008ae00000|  0%| F|  |TAMS 0x000000008ad00000, 0x000000008ad00000| Untracked 
| 174|0x000000008ae00000, 0x000000008ae00000, 0x000000008af00000|  0%| F|  |TAMS 0x000000008ae00000, 0x000000008ae00000| Untracked 
| 175|0x000000008af00000, 0x000000008af00000, 0x000000008b000000|  0%| F|  |TAMS 0x000000008af00000, 0x000000008af00000| Untracked 
| 176|0x000000008b000000, 0x000000008b000000, 0x000000008b100000|  0%| F|  |TAMS 0x000000008b000000, 0x000000008b000000| Untracked 
| 177|0x000000008b100000, 0x000000008b100000, 0x000000008b200000|  0%| F|  |TAMS 0x000000008b100000, 0x000000008b100000| Untracked 
| 178|0x000000008b200000, 0x000000008b200000, 0x000000008b300000|  0%| F|  |TAMS 0x000000008b200000, 0x000000008b200000| Untracked 
| 179|0x000000008b300000, 0x000000008b300000, 0x000000008b400000|  0%| F|  |TAMS 0x000000008b300000, 0x000000008b300000| Untracked 
| 180|0x000000008b400000, 0x000000008b400000, 0x000000008b500000|  0%| F|  |TAMS 0x000000008b400000, 0x000000008b400000| Untracked 
| 181|0x000000008b500000, 0x000000008b500000, 0x000000008b600000|  0%| F|  |TAMS 0x000000008b500000, 0x000000008b500000| Untracked 
| 182|0x000000008b600000, 0x000000008b600000, 0x000000008b700000|  0%| F|  |TAMS 0x000000008b600000, 0x000000008b600000| Untracked 
| 183|0x000000008b700000, 0x000000008b700000, 0x000000008b800000|  0%| F|  |TAMS 0x000000008b700000, 0x000000008b700000| Untracked 
| 184|0x000000008b800000, 0x000000008b800000, 0x000000008b900000|  0%| F|  |TAMS 0x000000008b800000, 0x000000008b800000| Untracked 
| 185|0x000000008b900000, 0x000000008b900000, 0x000000008ba00000|  0%| F|  |TAMS 0x000000008b900000, 0x000000008b900000| Untracked 
| 186|0x000000008ba00000, 0x000000008ba00000, 0x000000008bb00000|  0%| F|  |TAMS 0x000000008ba00000, 0x000000008ba00000| Untracked 
| 187|0x000000008bb00000, 0x000000008bb00000, 0x000000008bc00000|  0%| F|  |TAMS 0x000000008bb00000, 0x000000008bb00000| Untracked 
| 188|0x000000008bc00000, 0x000000008bc00000, 0x000000008bd00000|  0%| F|  |TAMS 0x000000008bc00000, 0x000000008bc00000| Untracked 
| 189|0x000000008bd00000, 0x000000008bd00000, 0x000000008be00000|  0%| F|  |TAMS 0x000000008bd00000, 0x000000008bd00000| Untracked 
| 190|0x000000008be00000, 0x000000008be00000, 0x000000008bf00000|  0%| F|  |TAMS 0x000000008be00000, 0x000000008be00000| Untracked 
| 191|0x000000008bf00000, 0x000000008bf00000, 0x000000008c000000|  0%| F|  |TAMS 0x000000008bf00000, 0x000000008bf00000| Untracked 
| 192|0x000000008c000000, 0x000000008c000000, 0x000000008c100000|  0%| F|  |TAMS 0x000000008c000000, 0x000000008c000000| Untracked 
| 193|0x000000008c100000, 0x000000008c100000, 0x000000008c200000|  0%| F|  |TAMS 0x000000008c100000, 0x000000008c100000| Untracked 
| 194|0x000000008c200000, 0x000000008c200000, 0x000000008c300000|  0%| F|  |TAMS 0x000000008c200000, 0x000000008c200000| Untracked 
| 195|0x000000008c300000, 0x000000008c300000, 0x000000008c400000|  0%| F|  |TAMS 0x000000008c300000, 0x000000008c300000| Untracked 
| 196|0x000000008c400000, 0x000000008c400000, 0x000000008c500000|  0%| F|  |TAMS 0x000000008c400000, 0x000000008c400000| Untracked 
| 197|0x000000008c500000, 0x000000008c500000, 0x000000008c600000|  0%| F|  |TAMS 0x000000008c500000, 0x000000008c500000| Untracked 
| 198|0x000000008c600000, 0x000000008c600000, 0x000000008c700000|  0%| F|  |TAMS 0x000000008c600000, 0x000000008c600000| Untracked 
| 199|0x000000008c700000, 0x000000008c700000, 0x000000008c800000|  0%| F|  |TAMS 0x000000008c700000, 0x000000008c700000| Untracked 
| 200|0x000000008c800000, 0x000000008c800000, 0x000000008c900000|  0%| F|  |TAMS 0x000000008c800000, 0x000000008c800000| Untracked 
| 201|0x000000008c900000, 0x000000008c900000, 0x000000008ca00000|  0%| F|  |TAMS 0x000000008c900000, 0x000000008c900000| Untracked 
| 202|0x000000008ca00000, 0x000000008ca00000, 0x000000008cb00000|  0%| F|  |TAMS 0x000000008ca00000, 0x000000008ca00000| Untracked 
| 203|0x000000008cb00000, 0x000000008cb00000, 0x000000008cc00000|  0%| F|  |TAMS 0x000000008cb00000, 0x000000008cb00000| Untracked 
| 204|0x000000008cc00000, 0x000000008cc00000, 0x000000008cd00000|  0%| F|  |TAMS 0x000000008cc00000, 0x000000008cc00000| Untracked 
| 205|0x000000008cd00000, 0x000000008cd00000, 0x000000008ce00000|  0%| F|  |TAMS 0x000000008cd00000, 0x000000008cd00000| Untracked 
| 206|0x000000008ce00000, 0x000000008ce00000, 0x000000008cf00000|  0%| F|  |TAMS 0x000000008ce00000, 0x000000008ce00000| Untracked 
| 207|0x000000008cf00000, 0x000000008cf00000, 0x000000008d000000|  0%| F|  |TAMS 0x000000008cf00000, 0x000000008cf00000| Untracked 
| 208|0x000000008d000000, 0x000000008d000000, 0x000000008d100000|  0%| F|  |TAMS 0x000000008d000000, 0x000000008d000000| Untracked 
| 209|0x000000008d100000, 0x000000008d100000, 0x000000008d200000|  0%| F|  |TAMS 0x000000008d100000, 0x000000008d100000| Untracked 
| 210|0x000000008d200000, 0x000000008d200000, 0x000000008d300000|  0%| F|  |TAMS 0x000000008d200000, 0x000000008d200000| Untracked 
| 211|0x000000008d300000, 0x000000008d300000, 0x000000008d400000|  0%| F|  |TAMS 0x000000008d300000, 0x000000008d300000| Untracked 
| 212|0x000000008d400000, 0x000000008d400000, 0x000000008d500000|  0%| F|  |TAMS 0x000000008d400000, 0x000000008d400000| Untracked 
| 213|0x000000008d500000, 0x000000008d500000, 0x000000008d600000|  0%| F|  |TAMS 0x000000008d500000, 0x000000008d500000| Untracked 
| 214|0x000000008d600000, 0x000000008d600000, 0x000000008d700000|  0%| F|  |TAMS 0x000000008d600000, 0x000000008d600000| Untracked 
| 215|0x000000008d700000, 0x000000008d700000, 0x000000008d800000|  0%| F|  |TAMS 0x000000008d700000, 0x000000008d700000| Untracked 
| 216|0x000000008d800000, 0x000000008d800000, 0x000000008d900000|  0%| F|  |TAMS 0x000000008d800000, 0x000000008d800000| Untracked 
| 217|0x000000008d900000, 0x000000008d900000, 0x000000008da00000|  0%| F|  |TAMS 0x000000008d900000, 0x000000008d900000| Untracked 
| 218|0x000000008da00000, 0x000000008da00000, 0x000000008db00000|  0%| F|  |TAMS 0x000000008da00000, 0x000000008da00000| Untracked 
| 219|0x000000008db00000, 0x000000008db00000, 0x000000008dc00000|  0%| F|  |TAMS 0x000000008db00000, 0x000000008db00000| Untracked 
| 220|0x000000008dc00000, 0x000000008dc00000, 0x000000008dd00000|  0%| F|  |TAMS 0x000000008dc00000, 0x000000008dc00000| Untracked 
| 221|0x000000008dd00000, 0x000000008dd00000, 0x000000008de00000|  0%| F|  |TAMS 0x000000008dd00000, 0x000000008dd00000| Untracked 
| 222|0x000000008de00000, 0x000000008de00000, 0x000000008df00000|  0%| F|  |TAMS 0x000000008de00000, 0x000000008de00000| Untracked 
| 223|0x000000008df00000, 0x000000008df00000, 0x000000008e000000|  0%| F|  |TAMS 0x000000008df00000, 0x000000008df00000| Untracked 
| 224|0x000000008e000000, 0x000000008e000000, 0x000000008e100000|  0%| F|  |TAMS 0x000000008e000000, 0x000000008e000000| Untracked 
| 225|0x000000008e100000, 0x000000008e100000, 0x000000008e200000|  0%| F|  |TAMS 0x000000008e100000, 0x000000008e100000| Untracked 
| 226|0x000000008e200000, 0x000000008e200000, 0x000000008e300000|  0%| F|  |TAMS 0x000000008e200000, 0x000000008e200000| Untracked 
| 227|0x000000008e300000, 0x000000008e300000, 0x000000008e400000|  0%| F|  |TAMS 0x000000008e300000, 0x000000008e300000| Untracked 
| 228|0x000000008e400000, 0x000000008e400000, 0x000000008e500000|  0%| F|  |TAMS 0x000000008e400000, 0x000000008e400000| Untracked 
| 229|0x000000008e500000, 0x000000008e500000, 0x000000008e600000|  0%| F|  |TAMS 0x000000008e500000, 0x000000008e500000| Untracked 
| 230|0x000000008e600000, 0x000000008e600000, 0x000000008e700000|  0%| F|  |TAMS 0x000000008e600000, 0x000000008e600000| Untracked 
| 231|0x000000008e700000, 0x000000008e700000, 0x000000008e800000|  0%| F|  |TAMS 0x000000008e700000, 0x000000008e700000| Untracked 
| 232|0x000000008e800000, 0x000000008e800000, 0x000000008e900000|  0%| F|  |TAMS 0x000000008e800000, 0x000000008e800000| Untracked 
| 233|0x000000008e900000, 0x000000008e900000, 0x000000008ea00000|  0%| F|  |TAMS 0x000000008e900000, 0x000000008e900000| Untracked 
| 234|0x000000008ea00000, 0x000000008ea00000, 0x000000008eb00000|  0%| F|  |TAMS 0x000000008ea00000, 0x000000008ea00000| Untracked 
| 235|0x000000008eb00000, 0x000000008eb00000, 0x000000008ec00000|  0%| F|  |TAMS 0x000000008eb00000, 0x000000008eb00000| Untracked 
| 236|0x000000008ec00000, 0x000000008ec00000, 0x000000008ed00000|  0%| F|  |TAMS 0x000000008ec00000, 0x000000008ec00000| Untracked 
| 237|0x000000008ed00000, 0x000000008ee00000, 0x000000008ee00000|100%| E|  |TAMS 0x000000008ed00000, 0x000000008ed00000| Complete 
| 238|0x000000008ee00000, 0x000000008ef00000, 0x000000008ef00000|100%| E|CS|TAMS 0x000000008ee00000, 0x000000008ee00000| Complete 
| 239|0x000000008ef00000, 0x000000008f000000, 0x000000008f000000|100%| E|CS|TAMS 0x000000008ef00000, 0x000000008ef00000| Complete 

Card table byte_map: [0x0000019b9be20000,0x0000019b9c220000] _byte_map_base: 0x0000019b9ba20000

Marking Bits (Prev, Next): (CMBitMap*) 0x0000019b884e03a8, (CMBitMap*) 0x0000019b884e03e0
 Prev Bits: [0x0000019b9c620000, 0x0000019b9e620000)
 Next Bits: [0x0000019b9e620000, 0x0000019ba0620000)

Polling page: 0x0000019b8bf90000

Metaspace:

Usage:
  Non-class:     47.33 MB capacity,    46.40 MB ( 98%) used,   806.59 KB (  2%) free+waste,   142.06 KB ( <1%) overhead. 
      Class:      7.25 MB capacity,     6.75 MB ( 93%) used,   440.93 KB (  6%) free+waste,    67.31 KB ( <1%) overhead. 
       Both:     54.58 MB capacity,    53.15 MB ( 97%) used,     1.22 MB (  2%) free+waste,   209.38 KB ( <1%) overhead. 

Virtual space:
  Non-class space:       48.00 MB reserved,      47.50 MB ( 99%) committed 
      Class space:        1.00 GB reserved,       7.25 MB ( <1%) committed 
             Both:        1.05 GB reserved,      54.75 MB (  5%) committed 

Chunk freelists:
   Non-Class:  48.00 KB
       Class:  1.00 KB
        Both:  49.00 KB

MaxMetaspaceSize: 17179869184.00 GB
CompressedClassSpaceSize: 1.00 GB

CodeHeap 'non-profiled nmethods': size=120000Kb used=3262Kb max_used=3262Kb free=116737Kb
 bounds [0x0000019b93a80000, 0x0000019b93db0000, 0x0000019b9afb0000]
CodeHeap 'profiled nmethods': size=120000Kb used=11423Kb max_used=11423Kb free=108576Kb
 bounds [0x0000019b8c550000, 0x0000019b8d080000, 0x0000019b93a80000]
CodeHeap 'non-nmethods': size=5760Kb used=2234Kb max_used=2264Kb free=3525Kb
 bounds [0x0000019b8bfb0000, 0x0000019b8c220000, 0x0000019b8c550000]
 total_blobs=6368 nmethods=5554 adapters=725
 compilation: enabled
              stopped_count=0, restarted_count=0
 full_count=0

Compilation events (20 events):
Event: 28.876 Thread 0x0000019ba39c2800 nmethod 5560 0x0000019b8d06f490 code [0x0000019b8d06f720, 0x0000019b8d070178]
Event: 28.880 Thread 0x0000019ba39c2800 5561       3       jdk.internal.org.objectweb.asm.ClassWriter::newConstItem (320 bytes)
Event: 28.884 Thread 0x0000019ba39c2800 nmethod 5561 0x0000019b8d070510 code [0x0000019b8d070a60, 0x0000019b8d073978]
Event: 28.887 Thread 0x0000019ba39c2800 5562       3       java.lang.reflect.AccessibleObject::verifyAccess (84 bytes)
Event: 28.887 Thread 0x0000019ba39c2800 nmethod 5562 0x0000019b8d074490 code [0x0000019b8d074680, 0x0000019b8d074ca8]
Event: 28.888 Thread 0x0000019ba39c2800 5563       3       java.lang.reflect.AccessibleObject::slowVerifyAccess (62 bytes)
Event: 28.888 Thread 0x0000019ba39c2800 nmethod 5563 0x0000019b8d074e10 code [0x0000019b8d075020, 0x0000019b8d075778]
Event: 28.889 Thread 0x0000019ba39c2800 5565       1       org.gradle.internal.instantiation.generator.AbstractClassGenerator$MethodMetadata::getGenericReturnType (5 bytes)
Event: 28.889 Thread 0x0000019ba39c2800 nmethod 5565 0x0000019b93daa310 code [0x0000019b93daa4c0, 0x0000019b93daa578]
Event: 28.895 Thread 0x0000019ba39c2800 5566       3       java.util.TreeMap::<init> (20 bytes)
Event: 28.895 Thread 0x0000019ba39c2800 nmethod 5566 0x0000019b8d075910 code [0x0000019b8d075ac0, 0x0000019b8d075cb8]
Event: 28.922 Thread 0x0000019ba425a800 nmethod 5519 0x0000019b93daa610 code [0x0000019b93daa9e0, 0x0000019b93dad648]
Event: 28.922 Thread 0x0000019ba425a800 5564       4       org.objectweb.asm.MethodWriter::visitVarInsn (302 bytes)
Event: 28.929 Thread 0x0000019ba39c2800 5567       3       org.gradle.internal.instantiation.generator.AbstractClassGenerator$InjectionAnnotationValidator::validateMethod (166 bytes)
Event: 28.931 Thread 0x0000019ba39c2800 nmethod 5567 0x0000019b8d075d90 code [0x0000019b8d076120, 0x0000019b8d0777a8]
Event: 28.933 Thread 0x0000019ba425a800 nmethod 5564 0x0000019b93dae590 code [0x0000019b93dae760, 0x0000019b93daec68]
Event: 28.933 Thread 0x0000019ba425a800 5568       4       org.objectweb.asm.Label::resolve (219 bytes)
Event: 28.939 Thread 0x0000019ba425a800 nmethod 5568 0x0000019b93daf090 code [0x0000019b93daf220, 0x0000019b93daf498]
Event: 28.940 Thread 0x0000019ba425a800 5548       4       org.objectweb.asm.MethodWriter::visitCode (1 bytes)
Event: 28.940 Thread 0x0000019ba425a800 nmethod 5548 0x0000019b93daf690 code [0x0000019b93daf820, 0x0000019b93daf878]

GC Heap History (16 events):
Event: 2.305 GC heap before
{Heap before GC invocations=0 (full 0):
 garbage-first heap   total 245760K, used 29696K [0x0000000080000000, 0x0000000100000000)
  region size 1024K, 24 young (24576K), 0 survivors (0K)
 Metaspace       used 9775K, capacity 10080K, committed 10368K, reserved 1058816K
  class space    used 990K, capacity 1041K, committed 1152K, reserved 1048576K
}
Event: 2.317 GC heap after
{Heap after GC invocations=1 (full 0):
 garbage-first heap   total 245760K, used 9046K [0x0000000080000000, 0x0000000100000000)
  region size 1024K, 3 young (3072K), 3 survivors (3072K)
 Metaspace       used 9775K, capacity 10080K, committed 10368K, reserved 1058816K
  class space    used 990K, capacity 1041K, committed 1152K, reserved 1048576K
}
Event: 3.530 GC heap before
{Heap before GC invocations=1 (full 0):
 garbage-first heap   total 245760K, used 53078K [0x0000000080000000, 0x0000000100000000)
  region size 1024K, 46 young (47104K), 3 survivors (3072K)
 Metaspace       used 11213K, capacity 11518K, committed 11776K, reserved 1060864K
  class space    used 1171K, capacity 1243K, committed 1280K, reserved 1048576K
}
Event: 3.540 GC heap after
{Heap after GC invocations=2 (full 0):
 garbage-first heap   total 245760K, used 11772K [0x0000000080000000, 0x0000000100000000)
  region size 1024K, 6 young (6144K), 6 survivors (6144K)
 Metaspace       used 11213K, capacity 11518K, committed 11776K, reserved 1060864K
  class space    used 1171K, capacity 1243K, committed 1280K, reserved 1048576K
}
Event: 6.145 GC heap before
{Heap before GC invocations=2 (full 0):
 garbage-first heap   total 245760K, used 66044K [0x0000000080000000, 0x0000000100000000)
  region size 1024K, 59 young (60416K), 6 survivors (6144K)
 Metaspace       used 18906K, capacity 19371K, committed 19584K, reserved 1067008K
  class space    used 2271K, capacity 2405K, committed 2432K, reserved 1048576K
}
Event: 6.174 GC heap after
{Heap after GC invocations=3 (full 0):
 garbage-first heap   total 245760K, used 16298K [0x0000000080000000, 0x0000000100000000)
  region size 1024K, 8 young (8192K), 8 survivors (8192K)
 Metaspace       used 18906K, capacity 19371K, committed 19584K, reserved 1067008K
  class space    used 2271K, capacity 2405K, committed 2432K, reserved 1048576K
}
Event: 6.642 GC heap before
{Heap before GC invocations=3 (full 0):
 garbage-first heap   total 245760K, used 32682K [0x0000000080000000, 0x0000000100000000)
  region size 1024K, 25 young (25600K), 8 survivors (8192K)
 Metaspace       used 20593K, capacity 21104K, committed 21248K, reserved 1067008K
  class space    used 2513K, capacity 2690K, committed 2816K, reserved 1048576K
}
Event: 6.651 GC heap after
{Heap after GC invocations=4 (full 0):
 garbage-first heap   total 245760K, used 17147K [0x0000000080000000, 0x0000000100000000)
  region size 1024K, 6 young (6144K), 6 survivors (6144K)
 Metaspace       used 20593K, capacity 21104K, committed 21248K, reserved 1067008K
  class space    used 2513K, capacity 2690K, committed 2816K, reserved 1048576K
}
Event: 9.048 GC heap before
{Heap before GC invocations=5 (full 0):
 garbage-first heap   total 245760K, used 111355K [0x0000000080000000, 0x0000000100000000)
  region size 1024K, 98 young (100352K), 6 survivors (6144K)
 Metaspace       used 28930K, capacity 29608K, committed 29824K, reserved 1075200K
  class space    used 3864K, capacity 4104K, committed 4224K, reserved 1048576K
}
Event: 9.056 GC heap after
{Heap after GC invocations=6 (full 0):
 garbage-first heap   total 245760K, used 19740K [0x0000000080000000, 0x0000000100000000)
  region size 1024K, 8 young (8192K), 8 survivors (8192K)
 Metaspace       used 28930K, capacity 29608K, committed 29824K, reserved 1075200K
  class space    used 3864K, capacity 4104K, committed 4224K, reserved 1048576K
}
Event: 9.956 GC heap before
{Heap before GC invocations=6 (full 0):
 garbage-first heap   total 245760K, used 45340K [0x0000000080000000, 0x0000000100000000)
  region size 1024K, 35 young (35840K), 8 survivors (8192K)
 Metaspace       used 35053K, capacity 35837K, committed 35840K, reserved 1081344K
  class space    used 4537K, capacity 4864K, committed 4864K, reserved 1048576K
}
Event: 9.970 GC heap after
{Heap after GC invocations=7 (full 0):
 garbage-first heap   total 245760K, used 22336K [0x0000000080000000, 0x0000000100000000)
  region size 1024K, 11 young (11264K), 11 survivors (11264K)
 Metaspace       used 35053K, capacity 35837K, committed 35840K, reserved 1081344K
  class space    used 4537K, capacity 4864K, committed 4864K, reserved 1048576K
}
Event: 12.767 GC heap before
{Heap before GC invocations=8 (full 0):
 garbage-first heap   total 245760K, used 134976K [0x0000000080000000, 0x0000000100000000)
  region size 1024K, 118 young (120832K), 11 survivors (11264K)
 Metaspace       used 43713K, capacity 44707K, committed 44928K, reserved 1087488K
  class space    used 5585K, capacity 5934K, committed 6016K, reserved 1048576K
}
Event: 12.782 GC heap after
{Heap after GC invocations=9 (full 0):
 garbage-first heap   total 245760K, used 29027K [0x0000000080000000, 0x0000000100000000)
  region size 1024K, 13 young (13312K), 13 survivors (13312K)
 Metaspace       used 43713K, capacity 44707K, committed 44928K, reserved 1087488K
  class space    used 5585K, capacity 5934K, committed 6016K, reserved 1048576K
}
Event: 29.007 GC heap before
{Heap before GC invocations=9 (full 0):
 garbage-first heap   total 245760K, used 156003K [0x0000000080000000, 0x0000000100000000)
  region size 1024K, 134 young (137216K), 13 survivors (13312K)
 Metaspace       used 54064K, capacity 55535K, committed 55808K, reserved 1097728K
  class space    used 6869K, capacity 7391K, committed 7424K, reserved 1048576K
}
Event: 29.028 GC heap after
{Heap after GC invocations=10 (full 0):
 garbage-first heap   total 245760K, used 41679K [0x0000000080000000, 0x0000000100000000)
  region size 1024K, 17 young (17408K), 17 survivors (17408K)
 Metaspace       used 54064K, capacity 55535K, committed 55808K, reserved 1097728K
  class space    used 6869K, capacity 7391K, committed 7424K, reserved 1048576K
}

Deoptimization events (20 events):
Event: 28.661 Thread 0x0000019ba3b64000 DEOPT PACKING pc=0x0000019b8c7bec97 sp=0x00000090cb5f6a10
Event: 28.661 Thread 0x0000019ba3b64000 DEOPT UNPACKING pc=0x0000019b8bfd76ce sp=0x00000090cb5f5f98 mode 0
Event: 28.665 Thread 0x0000019ba3b64000 DEOPT PACKING pc=0x0000019b8c7bec97 sp=0x00000090cb5f6c00
Event: 28.665 Thread 0x0000019ba3b64000 DEOPT UNPACKING pc=0x0000019b8bfd76ce sp=0x00000090cb5f6188 mode 0
Event: 28.669 Thread 0x0000019ba3b64000 DEOPT PACKING pc=0x0000019b8c7bec97 sp=0x00000090cb5f6af0
Event: 28.669 Thread 0x0000019ba3b64000 DEOPT UNPACKING pc=0x0000019b8bfd76ce sp=0x00000090cb5f6078 mode 0
Event: 28.672 Thread 0x0000019ba3b64000 DEOPT PACKING pc=0x0000019b8c7bec97 sp=0x00000090cb5f6af0
Event: 28.672 Thread 0x0000019ba3b64000 DEOPT UNPACKING pc=0x0000019b8bfd76ce sp=0x00000090cb5f6078 mode 0
Event: 28.678 Thread 0x0000019ba3b64000 DEOPT PACKING pc=0x0000019b8c7bec97 sp=0x00000090cb5f6a20
Event: 28.678 Thread 0x0000019ba3b64000 DEOPT UNPACKING pc=0x0000019b8bfd76ce sp=0x00000090cb5f5fa8 mode 0
Event: 28.682 Thread 0x0000019ba3b64000 DEOPT PACKING pc=0x0000019b8c7bec97 sp=0x00000090cb5f6a20
Event: 28.682 Thread 0x0000019ba3b64000 DEOPT UNPACKING pc=0x0000019b8bfd76ce sp=0x00000090cb5f5fa8 mode 0
Event: 28.857 Thread 0x0000019ba3b64000 Uncommon trap: trap_request=0xffffff4d fr.pc=0x0000019b93da96a0 relative=0x0000000000000420
Event: 28.857 Thread 0x0000019ba3b64000 Uncommon trap: reason=unstable_if action=reinterpret pc=0x0000019b93da96a0 method=org.gradle.internal.instantiation.generator.AbstractClassGenerator$InjectionAnnotationValidator.validateMethod(Ljava/lang/reflect/Method;Lorg/gradle/internal/reflect/Propert
Event: 28.857 Thread 0x0000019ba3b64000 DEOPT PACKING pc=0x0000019b93da96a0 sp=0x00000090cb5f7f30
Event: 28.857 Thread 0x0000019ba3b64000 DEOPT UNPACKING pc=0x0000019b8bfd78af sp=0x00000090cb5f7ef8 mode 2
Event: 29.028 Thread 0x0000019ba3b65800 Uncommon trap: trap_request=0xffffffde fr.pc=0x0000019b93bd97ec relative=0x000000000000052c
Event: 29.028 Thread 0x0000019ba3b65800 Uncommon trap: reason=class_check action=maybe_recompile pc=0x0000019b93bd97ec method=jdk.internal.ref.PhantomCleanable.clean()V @ 12 c2
Event: 29.028 Thread 0x0000019ba3b65800 DEOPT PACKING pc=0x0000019b93bd97ec sp=0x00000090ca9fefb0
Event: 29.028 Thread 0x0000019ba3b65800 DEOPT UNPACKING pc=0x0000019b8bfd78af sp=0x00000090ca9fef90 mode 2

Classes redefined (0 events):
No events

Internal exceptions (20 events):
Event: 27.236 Thread 0x0000019ba3ee1000 Exception <a 'java/lang/NoSuchMethodError'{0x000000008ef92e00}: <clinit>> (0x000000008ef92e00) thrown at [./src/hotspot/share/prims/jni.cpp, line 1362]
Event: 27.241 Thread 0x0000019ba3ee1000 Exception <a 'java/lang/NoSuchMethodError'{0x000000008efb24a8}: <clinit>> (0x000000008efb24a8) thrown at [./src/hotspot/share/prims/jni.cpp, line 1362]
Event: 27.242 Thread 0x0000019ba3ee1000 Exception <a 'java/lang/NoSuchMethodError'{0x000000008efb35b8}: <clinit>> (0x000000008efb35b8) thrown at [./src/hotspot/share/prims/jni.cpp, line 1362]
Event: 27.242 Thread 0x0000019ba3ee1000 Exception <a 'java/lang/NoSuchMethodError'{0x000000008efb48c0}: <clinit>> (0x000000008efb48c0) thrown at [./src/hotspot/share/prims/jni.cpp, line 1362]
Event: 27.242 Thread 0x0000019ba3ee1000 Exception <a 'java/lang/NoSuchMethodError'{0x000000008efb58e0}: <clinit>> (0x000000008efb58e0) thrown at [./src/hotspot/share/prims/jni.cpp, line 1362]
Event: 27.249 Thread 0x0000019ba3ee1000 Exception <a 'java/lang/NoSuchMethodError'{0x000000008a401598}: <clinit>> (0x000000008a401598) thrown at [./src/hotspot/share/prims/jni.cpp, line 1362]
Event: 27.251 Thread 0x0000019ba3ee1000 Exception <a 'java/lang/NoSuchMethodError'{0x000000008a40b7c8}: <clinit>> (0x000000008a40b7c8) thrown at [./src/hotspot/share/prims/jni.cpp, line 1362]
Event: 27.255 Thread 0x0000019ba3ee1000 Exception <a 'java/lang/NoSuchMethodError'{0x000000008a41f0d8}: <clinit>> (0x000000008a41f0d8) thrown at [./src/hotspot/share/prims/jni.cpp, line 1362]
Event: 27.333 Thread 0x0000019ba3b64000 Exception <a 'java/lang/ClassNotFoundException'{0x000000008a44b8c8}: build_37ahudaw2sdtefl5zxlgzd3h1BeanInfo> (0x000000008a44b8c8) thrown at [./src/hotspot/share/classfile/systemDictionary.cpp, line 231]
Event: 27.334 Thread 0x0000019ba3b64000 Exception <a 'java/lang/ClassNotFoundException'{0x000000008a4567f0}: build_37ahudaw2sdtefl5zxlgzd3h1Customizer> (0x000000008a4567f0) thrown at [./src/hotspot/share/classfile/systemDictionary.cpp, line 231]
Event: 27.353 Thread 0x0000019ba3b64000 Exception <a 'java/lang/ClassNotFoundException'{0x000000008a4d8e10}: org/gradle/plugin/use/internal/PluginRequestCollector$PluginDependenciesSpecImplBeanInfo> (0x000000008a4d8e10) thrown at [./src/hotspot/share/classfile/systemDictionary.cpp, line 231]
Event: 27.355 Thread 0x0000019ba3b64000 Exception <a 'java/lang/ClassNotFoundException'{0x000000008a3071c8}: org/gradle/plugin/use/internal/PluginRequestCollector$PluginDependenciesSpecImplCustomizer> (0x000000008a3071c8) thrown at [./src/hotspot/share/classfile/systemDictionary.cpp, line 231]
Event: 27.419 Thread 0x0000019ba3b64000 Exception <a 'java/lang/ClassNotFoundException'{0x000000008a19a280}: org/gradle/api/internal/plugins/DefaultObjectConfigurationActionBeanInfo> (0x000000008a19a280) thrown at [./src/hotspot/share/classfile/systemDictionary.cpp, line 231]
Event: 27.421 Thread 0x0000019ba3b64000 Exception <a 'java/lang/ClassNotFoundException'{0x000000008a1cd620}: org/gradle/api/internal/plugins/DefaultObjectConfigurationActionCustomizer> (0x000000008a1cd620) thrown at [./src/hotspot/share/classfile/systemDictionary.cpp, line 231]
Event: 27.769 Thread 0x0000019ba3b64000 Exception <a 'java/lang/NoSuchMethodError'{0x00000000897eb408}: 'java.lang.Object java.lang.invoke.DirectMethodHandle$Holder.invokeStatic(java.lang.Object, java.lang.Object, java.lang.Object, java.lang.Object, int)'> (0x00000000897eb408) thrown at [./src/hotspot/share/interpreter/linkResolver.cpp, line 773]
Event: 27.770 Thread 0x0000019ba3b64000 Exception <a 'java/lang/NoSuchMethodError'{0x00000000897efe00}: 'java.lang.Object java.lang.invoke.DirectMethodHandle$Holder.invokeSpecial(java.lang.Object, java.lang.Object, java.lang.Object, java.lang.Object, java.lang.Object, int)'> (0x00000000897efe00) thrown at [./src/hotspot/share/interpreter/linkResolver.cpp, line 773]
Event: 27.770 Thread 0x0000019ba3b64000 Exception <a 'java/lang/NoSuchMethodError'{0x00000000897f4440}: 'java.lang.Object java.lang.invoke.Invokers$Holder.linkToTargetMethod(java.lang.Object, java.lang.Object, java.lang.Object, int, java.lang.Object)'> (0x00000000897f4440) thrown at [./src/hotspot/share/interpreter/linkResolver.cpp, line 773]
Event: 28.359 Thread 0x0000019ba3b64000 Exception <a 'java/lang/NoSuchMethodError'{0x00000000888e8fa0}: 'java.lang.Object java.lang.invoke.DirectMethodHandle$Holder.invokeSpecial(java.lang.Object, java.lang.Object, int, int, java.lang.Object, java.lang.Object, java.lang.Object)'> (0x00000000888e8fa0) thrown at [./src/hotspot/share/interpreter/linkResolver.cpp, line 773]
Event: 28.359 Thread 0x0000019ba3b64000 Exception <a 'java/lang/NoSuchMethodError'{0x00000000888ed520}: 'java.lang.Object java.lang.invoke.DelegatingMethodHandle$Holder.reinvoke_L(java.lang.Object, int, int, java.lang.Object, java.lang.Object, java.lang.Object)'> (0x00000000888ed520) thrown at [./src/hotspot/share/interpreter/linkResolver.cpp, line 773]
Event: 28.818 Thread 0x0000019ba3b64000 Exception <a 'java/lang/NoSuchMethodError'{0x0000000087cac518}: 'int java.lang.invoke.DirectMethodHandle$Holder.invokeInterface(java.lang.Object, java.lang.Object, java.lang.Object, java.lang.Object)'> (0x0000000087cac518) thrown at [./src/hotspot/share/interpreter/linkResolver.cpp, line 773]

Events (20 events):
Event: 29.006 loading class com/google/wireless/android/sdk/stats/GradleBuildProject
Event: 29.006 loading class com/google/wireless/android/sdk/stats/GradleBuildProject done
Event: 29.007 Executing VM operation: G1CollectForAllocation
Event: 29.028 Executing VM operation: G1CollectForAllocation done
Event: 29.031 loading class com/google/wireless/android/sdk/stats/GradleBuildProfileSpan
Event: 29.031 loading class com/google/wireless/android/sdk/stats/GradleBuildProfileSpan done
Event: 29.032 loading class com/google/wireless/android/sdk/stats/GradleBuildProfileSpanOrBuilder
Event: 29.032 loading class com/google/wireless/android/sdk/stats/GradleBuildProfileSpanOrBuilder done
Event: 29.036 loading class com/google/wireless/android/sdk/stats/GradleBuildMemorySample
Event: 29.036 loading class com/google/wireless/android/sdk/stats/GradleBuildMemorySample done
Event: 29.038 loading class com/google/wireless/android/sdk/stats/GradleBuildMemorySampleOrBuilder
Event: 29.038 loading class com/google/wireless/android/sdk/stats/GradleBuildMemorySampleOrBuilder done
Event: 29.041 loading class com/google/wireless/android/sdk/stats/InstantRunStatus
Event: 29.041 loading class com/google/wireless/android/sdk/stats/InstantRunStatus done
Event: 29.045 loading class com/android/builder/profile/NameAnonymizer
Event: 29.045 loading class com/android/builder/profile/NameAnonymizer done
Event: 29.046 loading class com/google/common/cache/CacheLoader
Event: 29.046 loading class com/google/common/cache/CacheLoader done
Event: 29.049 loading class com/android/builder/profile/NameAnonymizer$ProjectCacheLoader
Event: 29.049 loading class com/android/builder/profile/NameAnonymizer$ProjectCacheLoader done


Dynamic libraries:
0x00007ff6998f0000 - 0x00007ff6998fa000 	D:\android\jre\bin\java.exe
0x00007ff937d50000 - 0x00007ff937f45000 	C:\WINDOWS\SYSTEM32\ntdll.dll
0x00007ff937b20000 - 0x00007ff937bdd000 	C:\WINDOWS\System32\KERNEL32.DLL
0x00007ff935730000 - 0x00007ff9359f9000 	C:\WINDOWS\System32\KERNELBASE.dll
0x00007ff935630000 - 0x00007ff935730000 	C:\WINDOWS\System32\ucrtbase.dll
0x00007ff90c3b0000 - 0x00007ff90c3c9000 	D:\android\jre\bin\jli.dll
0x00007ff937920000 - 0x00007ff937ac0000 	C:\WINDOWS\System32\USER32.dll
0x00007ff9354d0000 - 0x00007ff9354f2000 	C:\WINDOWS\System32\win32u.dll
0x00007ff935db0000 - 0x00007ff935dda000 	C:\WINDOWS\System32\GDI32.dll
0x00007ff935a00000 - 0x00007ff935b0b000 	C:\WINDOWS\System32\gdi32full.dll
0x00007ff935560000 - 0x00007ff9355fd000 	C:\WINDOWS\System32\msvcp_win.dll
0x00007ff91e7c0000 - 0x00007ff91ea5a000 	C:\WINDOWS\WinSxS\amd64_microsoft.windows.common-controls_6595b64144ccf1df_6.0.19041.1110_none_60b5254171f9507e\COMCTL32.dll
0x00007ff936530000 - 0x00007ff9365ce000 	C:\WINDOWS\System32\msvcrt.dll
0x00007ff9079c0000 - 0x00007ff9079d7000 	D:\android\jre\bin\VCRUNTIME140.dll
0x00007ff936500000 - 0x00007ff936530000 	C:\WINDOWS\System32\IMM32.DLL
0x00007ff8ef380000 - 0x00007ff8ef41d000 	D:\android\jre\bin\msvcp140.dll
0x00007ff8b6b90000 - 0x00007ff8b765f000 	D:\android\jre\bin\server\jvm.dll
0x00007ff9363f0000 - 0x00007ff93649c000 	C:\WINDOWS\System32\ADVAPI32.dll
0x00007ff9370a0000 - 0x00007ff93713b000 	C:\WINDOWS\System32\sechost.dll
0x00007ff937be0000 - 0x00007ff937d0a000 	C:\WINDOWS\System32\RPCRT4.dll
0x00007ff9363e0000 - 0x00007ff9363e8000 	C:\WINDOWS\System32\PSAPI.DLL
0x00007ff923c20000 - 0x00007ff923c47000 	C:\WINDOWS\SYSTEM32\WINMM.dll
0x00007ff92b530000 - 0x00007ff92b539000 	C:\WINDOWS\SYSTEM32\WSOCK32.dll
0x00007ff937430000 - 0x00007ff93749b000 	C:\WINDOWS\System32\WS2_32.dll
0x00007ff92acb0000 - 0x00007ff92acba000 	C:\WINDOWS\SYSTEM32\VERSION.dll
0x00007ff933d40000 - 0x00007ff933d52000 	C:\WINDOWS\SYSTEM32\kernel.appcore.dll
0x00007ff931bb0000 - 0x00007ff931bc1000 	D:\android\jre\bin\verify.dll
0x00007ff932560000 - 0x00007ff932744000 	C:\WINDOWS\SYSTEM32\DBGHELP.DLL
0x00007ff92ba80000 - 0x00007ff92baac000 	C:\WINDOWS\SYSTEM32\dbgcore.DLL
0x00007ff935b10000 - 0x00007ff935b93000 	C:\WINDOWS\System32\bcryptPrimitives.dll
0x00007ff8f1520000 - 0x00007ff8f1549000 	D:\android\jre\bin\java.dll
0x00007ff92b040000 - 0x00007ff92b04b000 	D:\android\jre\bin\jimage.dll
0x00007ff8f1500000 - 0x00007ff8f1518000 	D:\android\jre\bin\zip.dll
0x00007ff936960000 - 0x00007ff93709f000 	C:\WINDOWS\System32\SHELL32.dll
0x00007ff933570000 - 0x00007ff933d00000 	C:\WINDOWS\SYSTEM32\windows.storage.dll
0x00007ff935de0000 - 0x00007ff936135000 	C:\WINDOWS\System32\combase.dll
0x00007ff934e10000 - 0x00007ff934e3c000 	C:\WINDOWS\SYSTEM32\Wldp.dll
0x00007ff9372c0000 - 0x00007ff93736e000 	C:\WINDOWS\System32\SHCORE.dll
0x00007ff937260000 - 0x00007ff9372b5000 	C:\WINDOWS\System32\shlwapi.dll
0x00007ff9353c0000 - 0x00007ff9353df000 	C:\WINDOWS\SYSTEM32\profapi.dll
0x00007ff8f14e0000 - 0x00007ff8f14fa000 	D:\android\jre\bin\net.dll
0x00007ff92a840000 - 0x00007ff92a948000 	C:\WINDOWS\SYSTEM32\WINHTTP.dll
0x00007ff934b70000 - 0x00007ff934bda000 	C:\WINDOWS\system32\mswsock.dll
0x00007ff8f13e0000 - 0x00007ff8f13f4000 	D:\android\jre\bin\nio.dll
0x00007ff906650000 - 0x00007ff906677000 	C:\Users\ΐνδπει\.gradle\native\8bec1ad78214c89d9ad589b4d07fe93259594b29d510b10fafb7a158f7737e5d\windows-amd64\native-platform.dll
0x00007ff8eb6d0000 - 0x00007ff8eb80d000 	C:\Users\ΐνδπει\.gradle\native\53dbd7edfb1c66fb8903c78663c9afc45aea4f116125fa6feffd364cf09443e8\windows-amd64\native-platform-file-events.dll
0x00007ff92b030000 - 0x00007ff92b03a000 	D:\android\jre\bin\management.dll
0x00007ff911260000 - 0x00007ff91126c000 	D:\android\jre\bin\management_ext.dll
0x00007ff934d60000 - 0x00007ff934d78000 	C:\WINDOWS\SYSTEM32\CRYPTSP.dll
0x00007ff9344f0000 - 0x00007ff934524000 	C:\WINDOWS\system32\rsaenh.dll
0x00007ff935600000 - 0x00007ff935627000 	C:\WINDOWS\System32\bcrypt.dll
0x00007ff935380000 - 0x00007ff9353ae000 	C:\WINDOWS\SYSTEM32\USERENV.dll
0x00007ff934d80000 - 0x00007ff934d8c000 	C:\WINDOWS\SYSTEM32\CRYPTBASE.dll
0x00007ff934860000 - 0x00007ff93489b000 	C:\WINDOWS\SYSTEM32\IPHLPAPI.DLL
0x00007ff937420000 - 0x00007ff937428000 	C:\WINDOWS\System32\NSI.dll
0x00007ff92c8a0000 - 0x00007ff92c8b7000 	C:\WINDOWS\SYSTEM32\dhcpcsvc6.DLL
0x00007ff92cae0000 - 0x00007ff92cafd000 	C:\WINDOWS\SYSTEM32\dhcpcsvc.DLL
0x00007ff9348a0000 - 0x00007ff93496c000 	C:\WINDOWS\SYSTEM32\DNSAPI.dll

dbghelp: loaded successfully - version: 4.0.5 - missing functions: none
symbol engine: initialized successfully - sym options: 0x614 - pdb path: .;D:\android\jre\bin;C:\WINDOWS\SYSTEM32;C:\WINDOWS\WinSxS\amd64_microsoft.windows.common-controls_6595b64144ccf1df_6.0.19041.1110_none_60b5254171f9507e;D:\android\jre\bin\server;C:\Users\ΐνδπει\.gradle\native\8bec1ad78214c89d9ad589b4d07fe93259594b29d510b10fafb7a158f7737e5d\windows-amd64;C:\Users\ΐνδπει\.gradle\native\53dbd7edfb1c66fb8903c78663c9afc45aea4f116125fa6feffd364cf09443e8\windows-amd64

VM Arguments:
jvm_args: --add-opens=java.base/java.util=ALL-UNNAMED --add-opens=java.base/java.lang=ALL-UNNAMED --add-opens=java.base/java.lang.invoke=ALL-UNNAMED --add-opens=java.base/java.util=ALL-UNNAMED --add-opens=java.prefs/java.util.prefs=ALL-UNNAMED --add-opens=java.prefs/java.util.prefs=ALL-UNNAMED --add-opens=java.base/java.nio.charset=ALL-UNNAMED --add-opens=java.base/java.net=ALL-UNNAMED --add-opens=java.base/java.util.concurrent.atomic=ALL-UNNAMED -Xmx2048m -Dfile.encoding=UTF-8 -Duser.country=RU -Duser.language=ru -Duser.variant 
java_command: org.gradle.launcher.daemon.bootstrap.GradleDaemon 7.0.2
java_class_path (initial): C:\Users\ΐνδπει\.gradle\wrapper\dists\gradle-7.0.2-bin\857tjihv64xamwrf0h14cai3r\gradle-7.0.2\lib\gradle-launcher-7.0.2.jar
Launcher Type: SUN_STANDARD

[Global flags]
     intx CICompilerCount                          = 4                                         {product} {ergonomic}
     uint ConcGCThreads                            = 2                                         {product} {ergonomic}
     uint G1ConcRefinementThreads                  = 8                                         {product} {ergonomic}
   size_t G1HeapRegionSize                         = 1048576                                   {product} {ergonomic}
    uintx GCDrainStackTargetSize                   = 64                                        {product} {ergonomic}
   size_t InitialHeapSize                          = 251658240                                 {product} {ergonomic}
   size_t MarkStackSize                            = 4194304                                   {product} {ergonomic}
   size_t MaxHeapSize                              = 2147483648                                {product} {command line}
   size_t MaxNewSize                               = 1287651328                                {product} {ergonomic}
   size_t MinHeapDeltaBytes                        = 1048576                                   {product} {ergonomic}
    uintx NonNMethodCodeHeapSize                   = 5836300                                {pd product} {ergonomic}
    uintx NonProfiledCodeHeapSize                  = 122910970                              {pd product} {ergonomic}
    uintx ProfiledCodeHeapSize                     = 122910970                              {pd product} {ergonomic}
    uintx ReservedCodeCacheSize                    = 251658240                              {pd product} {ergonomic}
     bool SegmentedCodeCache                       = true                                      {product} {ergonomic}
     bool UseCompressedClassPointers               = true                                 {lp64_product} {ergonomic}
     bool UseCompressedOops                        = true                                 {lp64_product} {ergonomic}
     bool UseG1GC                                  = true                                      {product} {ergonomic}
     bool UseLargePagesIndividualAllocation        = false                                  {pd product} {ergonomic}

Logging:
Log output configuration:
 #0: stdout all=warning uptime,level,tags
 #1: stderr all=off uptime,level,tags

Environment Variables:
PATH=C:\Program Files\Java\jdk-15.0.2\bin;C:\Program Files\Common Files\Oracle\Java\javapath;C:\ProgramData\Oracle\Java\javapath;C:\WINDOWS\system32;C:\WINDOWS;C:\WINDOWS\System32\Wbem;C:\WINDOWS\System32\WindowsPowerShell\v1.0\;C:\WINDOWS\System32\OpenSSH\;C:\Program Files\dotnet\;C:\Program Files\Microsoft SQL Server\130\Tools\Binn\;C:\Program Files\Microsoft SQL Server\Client SDK\ODBC\170\Tools\Binn\;C:\Program Files\Microsoft SQL Server\Client SDK\ODBC\130\Tools\Binn\;C:\Program Files (x86)\Microsoft SQL Server\140\Tools\Binn\;C:\Program Files\Microsoft SQL Server\140\Tools\Binn\;C:\Program Files\Microsoft SQL Server\140\DTS\Binn\;C:\Program Files (x86)\Microsoft SQL Server\Client SDK\ODBC\130\Tools\Binn\;C:\Program Files (x86)\Microsoft SQL Server\140\DTS\Binn\;C:\Program Files (x86)\Microsoft SQL Server\140\Tools\Binn\ManagementStudio\;C:\Program Files (x86)\dotnet\;C:\Users\ΐνδπει\AppData\Local\Microsoft\WindowsApps;C:\Users\ΐνδπει\.dotnet\tools;
USERNAME=ΐνδπει
OS=Windows_NT
PROCESSOR_IDENTIFIER=AMD64 Family 23 Model 24 Stepping 1, AuthenticAMD



---------------  S Y S T E M  ---------------

OS: Windows 10 , 64 bit Build 19041 (10.0.19041.1151)
OS uptime: 20 days 11:14 hours

CPU:total 8 (initial active 8) (8 cores per cpu, 2 threads per core) family 23 model 24 stepping 1 microcode 0x0, cmov, cx8, fxsr, mmx, sse, sse2, sse3, ssse3, sse4.1, sse4.2, popcnt, avx, avx2, aes, clmul, mmxext, 3dnowpref, lzcnt, sse4a, ht, tsc, tscinvbit, tscinv, bmi1, bmi2, adx, s

Memory: 4k page, system-wide physical 15297M (2726M free)
TotalPageFile size 19449M (AvailPageFile size 6M)
current process WorkingSet (physical memory assigned to process): 354M, peak: 354M
current process commit charge ("private bytes"): 460M, peak: 461M

vm_info: OpenJDK 64-Bit Server VM (11.0.10+0-b96-7249189) for windows-amd64 JRE (11.0.10+0-b96-7249189), built on Mar 31 2021 21:44:00 by "builder" with MS VC++ 14.0 (VS2015)

END.
