#
# There is insufficient memory for the Java Runtime Environment to continue.
# Native memory allocation (malloc) failed to allocate 1424576 bytes for Chunk::new
# Possible reasons:
#   The system is out of physical RAM or swap space
#   The process is running with CompressedOops enabled, and the Java Heap may be blocking the growth of the native heap
# Possible solutions:
#   Reduce memory load on the system
#   Increase physical memory or swap space
#   Check if swap backing store is full
#   Decrease Java heap size (-Xmx/-Xms)
#   Decrease number of Java threads
#   Decrease Java thread stack sizes (-Xss)
#   Set larger code cache with -XX:ReservedCodeCacheSize=
#   JVM is running with Unscaled Compressed Oops mode in which the Java heap is
#     placed in the first 4GB address space. The Java Heap base address is the
#     maximum limit for the native heap growth. Please use -XX:HeapBaseMinAddress
#     to set the Java Heap base and to place the Java Heap above 4GB virtual address.
# This output file may be truncated or incomplete.
#
#  Out of Memory Error (./src/hotspot/share/memory/arena.cpp:197), pid=18940, tid=18548
#
# JRE version: OpenJDK Runtime Environment (11.0.10) (build 11.0.10+0-b96-7249189)
# Java VM: OpenJDK 64-Bit Server VM (11.0.10+0-b96-7249189, mixed mode, tiered, compressed oops, g1 gc, windows-amd64)
# No core dump will be written. Minidumps are not enabled by default on client versions of Windows
#

---------------  S U M M A R Y ------------

Command Line: --add-opens=java.base/java.util=ALL-UNNAMED --add-opens=java.base/java.lang=ALL-UNNAMED --add-opens=java.base/java.lang.invoke=ALL-UNNAMED --add-opens=java.base/java.util=ALL-UNNAMED --add-opens=java.prefs/java.util.prefs=ALL-UNNAMED --add-opens=java.prefs/java.util.prefs=ALL-UNNAMED --add-opens=java.base/java.nio.charset=ALL-UNNAMED --add-opens=java.base/java.net=ALL-UNNAMED --add-opens=java.base/java.util.concurrent.atomic=ALL-UNNAMED -Xmx2048m -Dfile.encoding=UTF-8 -Duser.country=RU -Duser.language=ru -Duser.variant org.gradle.launcher.daemon.bootstrap.GradleDaemon 7.0.2

Host: AMD Ryzen 5 3500U with Radeon Vega Mobile Gfx  , 8 cores, 14G,  Windows 10 , 64 bit Build 19041 (10.0.19041.1151)
Time: Wed Sep  8 11:09:51 2021 RTZ 2 (ηθμΰ) elapsed time: 13.778372 seconds (0d 0h 0m 13s)

---------------  T H R E A D  ---------------

Current thread (0x00000246d11da000):  JavaThread "C2 CompilerThread2" daemon [_thread_in_native, id=18548, stack(0x000000fe8e000000,0x000000fe8e100000)]


Current CompileTask:
C2:  13778 6337       4       java.beans.Introspector::addMethod (196 bytes)

Stack: [0x000000fe8e000000,0x000000fe8e100000]
Native frames: (J=compiled Java code, j=interpreted, Vv=VM code, C=native code)
V  [jvm.dll+0x5ecfaa]
V  [jvm.dll+0x722bd5]
V  [jvm.dll+0x72412d]
V  [jvm.dll+0x7247e3]
V  [jvm.dll+0x242928]
V  [jvm.dll+0xbc4fc]
V  [jvm.dll+0xbca0c]
V  [jvm.dll+0x2b4fd4]
V  [jvm.dll+0x506028]
V  [jvm.dll+0x203253]
V  [jvm.dll+0x1fd07c]
V  [jvm.dll+0x1fa77f]
V  [jvm.dll+0x18354c]
V  [jvm.dll+0x208ee7]
V  [jvm.dll+0x207731]
V  [jvm.dll+0x6eb1cf]
V  [jvm.dll+0x6e3d45]
V  [jvm.dll+0x5ebe96]
C  [ucrtbase.dll+0x21bb2]
C  [KERNEL32.DLL+0x17034]
C  [ntdll.dll+0x52651]


---------------  P R O C E S S  ---------------

Threads class SMR info:
_java_thread_list=0x00000246d0368430, length=52, elements={
0x00000246b3349800, 0x00000246cf79c000, 0x00000246cffc8800, 0x00000246cffd8800,
0x00000246cffd9800, 0x00000246cffdc800, 0x00000246d0023800, 0x00000246d0030800,
0x00000246d0031800, 0x00000246d01b4000, 0x00000246d1c21000, 0x00000246d38f4800,
0x00000246d0388000, 0x00000246d2b70000, 0x00000246d266f800, 0x00000246d3b7f800,
0x00000246d33ac800, 0x00000246d38b4000, 0x00000246d1abf800, 0x00000246d3592800,
0x00000246d3593800, 0x00000246d3592000, 0x00000246d3594800, 0x00000246d515e000,
0x00000246d5163000, 0x00000246d5164000, 0x00000246d5161800, 0x00000246d5162000,
0x00000246d5164800, 0x00000246d515f800, 0x00000246d5166800, 0x00000246d5160800,
0x00000246d5167000, 0x00000246d516a800, 0x00000246d516b000, 0x00000246d516c000,
0x00000246d516d000, 0x00000246d56d4000, 0x00000246d56d9000, 0x00000246d56d6800,
0x00000246d56d6000, 0x00000246d56d7800, 0x00000246d56d5000, 0x00000246d56d8800,
0x00000246d56d3800, 0x00000246d56da800, 0x00000246d56db800, 0x00000246d56df000,
0x00000246d56da000, 0x00000246d3ccd000, 0x00000246d11da000, 0x00000246d56e2000
}

Java Threads: ( => current thread )
  0x00000246b3349800 JavaThread "main" [_thread_blocked, id=6060, stack(0x000000fe8b900000,0x000000fe8ba00000)]
  0x00000246cf79c000 JavaThread "Reference Handler" daemon [_thread_blocked, id=1232, stack(0x000000fe8c000000,0x000000fe8c100000)]
  0x00000246cffc8800 JavaThread "Finalizer" daemon [_thread_blocked, id=12860, stack(0x000000fe8c100000,0x000000fe8c200000)]
  0x00000246cffd8800 JavaThread "Signal Dispatcher" daemon [_thread_blocked, id=20424, stack(0x000000fe8c200000,0x000000fe8c300000)]
  0x00000246cffd9800 JavaThread "Attach Listener" daemon [_thread_blocked, id=14684, stack(0x000000fe8c300000,0x000000fe8c400000)]
  0x00000246cffdc800 JavaThread "Service Thread" daemon [_thread_blocked, id=1640, stack(0x000000fe8c400000,0x000000fe8c500000)]
  0x00000246d0023800 JavaThread "C2 CompilerThread0" daemon [_thread_blocked, id=10928, stack(0x000000fe8c500000,0x000000fe8c600000)]
  0x00000246d0030800 JavaThread "C1 CompilerThread0" daemon [_thread_blocked, id=17468, stack(0x000000fe8c600000,0x000000fe8c700000)]
  0x00000246d0031800 JavaThread "Sweeper thread" daemon [_thread_blocked, id=3672, stack(0x000000fe8c700000,0x000000fe8c800000)]
  0x00000246d01b4000 JavaThread "Common-Cleaner" daemon [_thread_blocked, id=3556, stack(0x000000fe8c800000,0x000000fe8c900000)]
  0x00000246d1c21000 JavaThread "Daemon health stats" [_thread_blocked, id=8900, stack(0x000000fe8d000000,0x000000fe8d100000)]
  0x00000246d38f4800 JavaThread "Incoming local TCP Connector on port 58736" [_thread_in_native, id=13116, stack(0x000000fe8ca00000,0x000000fe8cb00000)]
  0x00000246d0388000 JavaThread "Daemon periodic checks" [_thread_blocked, id=19848, stack(0x000000fe8cb00000,0x000000fe8cc00000)]
  0x00000246d2b70000 JavaThread "Daemon" [_thread_blocked, id=20860, stack(0x000000fe8d100000,0x000000fe8d200000)]
  0x00000246d266f800 JavaThread "Handler for socket connection from /127.0.0.1:58736 to /127.0.0.1:58737" [_thread_in_native, id=18636, stack(0x000000fe8d200000,0x000000fe8d300000)]
  0x00000246d3b7f800 JavaThread "Cancel handler" [_thread_blocked, id=20396, stack(0x000000fe8d400000,0x000000fe8d500000)]
  0x00000246d33ac800 JavaThread "Daemon worker" [_thread_in_vm, id=21632, stack(0x000000fe8d500000,0x000000fe8d600000)]
  0x00000246d38b4000 JavaThread "Asynchronous log dispatcher for DefaultDaemonConnection: socket connection from /127.0.0.1:58736 to /127.0.0.1:58737" [_thread_blocked, id=11048, stack(0x000000fe8d600000,0x000000fe8d700000)]
  0x00000246d1abf800 JavaThread "Stdin handler" [_thread_blocked, id=20580, stack(0x000000fe8d700000,0x000000fe8d800000)]
  0x00000246d3592800 JavaThread "Daemon client event forwarder" [_thread_blocked, id=12368, stack(0x000000fe8d800000,0x000000fe8d900000)]
  0x00000246d3593800 JavaThread "Cache worker for file hash cache (C:\Users\ΠΠ½Π΄Ρ€ΠµΠΉ\.gradle\caches\7.0.2\fileHashes)" [_thread_blocked, id=4356, stack(0x000000fe8d300000,0x000000fe8d400000)]
  0x00000246d3592000 JavaThread "File lock request listener" [_thread_in_native, id=19488, stack(0x000000fe8d900000,0x000000fe8da00000)]
  0x00000246d3594800 JavaThread "Cache worker for journal cache (C:\Users\ΠΠ½Π΄Ρ€ΠµΠΉ\.gradle\caches\journal-1)" [_thread_blocked, id=18304, stack(0x000000fe8de00000,0x000000fe8df00000)]
  0x00000246d515e000 JavaThread "Cache worker for file hash cache (D:\MyApplicationasdfg\.gradle\7.0.2\fileHashes)" [_thread_blocked, id=19352, stack(0x000000fe8e100000,0x000000fe8e200000)]
  0x00000246d5163000 JavaThread "File watcher server" daemon [_thread_in_native, id=19648, stack(0x000000fe8e200000,0x000000fe8e300000)]
  0x00000246d5164000 JavaThread "File watcher consumer" daemon [_thread_blocked, id=1104, stack(0x000000fe8e300000,0x000000fe8e400000)]
  0x00000246d5161800 JavaThread "Cache worker for checksums cache (D:\MyApplicationasdfg\.gradle\checksums)" [_thread_blocked, id=21792, stack(0x000000fe8e400000,0x000000fe8e500000)]
  0x00000246d5162000 JavaThread "Cache worker for cache directory md-supplier (C:\Users\ΠΠ½Π΄Ρ€ΠµΠΉ\.gradle\caches\7.0.2\md-supplier)" [_thread_blocked, id=20600, stack(0x000000fe8e500000,0x000000fe8e600000)]
  0x00000246d5164800 JavaThread "Cache worker for cache directory md-rule (C:\Users\ΠΠ½Π΄Ρ€ΠµΠΉ\.gradle\caches\7.0.2\md-rule)" [_thread_blocked, id=18120, stack(0x000000fe8e600000,0x000000fe8e700000)]
  0x00000246d515f800 JavaThread "Cache worker for execution history cache (C:\Users\ΠΠ½Π΄Ρ€ΠµΠΉ\.gradle\caches\7.0.2\executionHistory)" [_thread_blocked, id=15312, stack(0x000000fe8e700000,0x000000fe8e800000)]
  0x00000246d5166800 JavaThread "jar transforms" [_thread_blocked, id=17444, stack(0x000000fe8e800000,0x000000fe8e900000)]
  0x00000246d5160800 JavaThread "jar transforms Thread 2" [_thread_blocked, id=15188, stack(0x000000fe8e900000,0x000000fe8ea00000)]
  0x00000246d5167000 JavaThread "Cache worker for file content cache (C:\Users\ΠΠ½Π΄Ρ€ΠµΠΉ\.gradle\caches\7.0.2\fileContent)" [_thread_blocked, id=10508, stack(0x000000fe8ea00000,0x000000fe8eb00000)]
  0x00000246d516a800 JavaThread "Cache worker for dependencies-accessors (D:\MyApplicationasdfg\.gradle\7.0.2\dependencies-accessors)" [_thread_blocked, id=15724, stack(0x000000fe8eb00000,0x000000fe8ec00000)]
  0x00000246d516b000 JavaThread "jar transforms Thread 3" [_thread_blocked, id=3484, stack(0x000000fe8ec00000,0x000000fe8ed00000)]
  0x00000246d516c000 JavaThread "Cache worker for Build Output Cleanup Cache (D:\MyApplicationasdfg\.gradle\buildOutputCleanup)" [_thread_blocked, id=17056, stack(0x000000fe8ed00000,0x000000fe8ee00000)]
  0x00000246d516d000 JavaThread "Build operations" [_thread_blocked, id=8504, stack(0x000000fe8ee00000,0x000000fe8ef00000)]
  0x00000246d56d4000 JavaThread "Build operations Thread 2" [_thread_blocked, id=2456, stack(0x000000fe8ef00000,0x000000fe8f000000)]
  0x00000246d56d9000 JavaThread "Build operations Thread 3" [_thread_blocked, id=10864, stack(0x000000fe8f000000,0x000000fe8f100000)]
  0x00000246d56d6800 JavaThread "Build operations Thread 4" [_thread_blocked, id=20636, stack(0x000000fe8f100000,0x000000fe8f200000)]
  0x00000246d56d6000 JavaThread "Build operations Thread 5" [_thread_blocked, id=10564, stack(0x000000fe8f200000,0x000000fe8f300000)]
  0x00000246d56d7800 JavaThread "Build operations Thread 6" [_thread_blocked, id=6516, stack(0x000000fe8f300000,0x000000fe8f400000)]
  0x00000246d56d5000 JavaThread "Build operations Thread 7" [_thread_blocked, id=17780, stack(0x000000fe8f400000,0x000000fe8f500000)]
  0x00000246d56d8800 JavaThread "Build operations Thread 8" [_thread_blocked, id=13612, stack(0x000000fe8f500000,0x000000fe8f600000)]
  0x00000246d56d3800 JavaThread "jar transforms Thread 4" [_thread_blocked, id=20616, stack(0x000000fe8f600000,0x000000fe8f700000)]
  0x00000246d56da800 JavaThread "jar transforms Thread 5" [_thread_blocked, id=20452, stack(0x000000fe8f700000,0x000000fe8f800000)]
  0x00000246d56db800 JavaThread "jar transforms Thread 6" [_thread_blocked, id=21644, stack(0x000000fe8f800000,0x000000fe8f900000)]
  0x00000246d56df000 JavaThread "jar transforms Thread 7" [_thread_blocked, id=19660, stack(0x000000fe8f900000,0x000000fe8fa00000)]
  0x00000246d56da000 JavaThread "jar transforms Thread 8" [_thread_blocked, id=19756, stack(0x000000fe8fa00000,0x000000fe8fb00000)]
  0x00000246d3ccd000 JavaThread "C2 CompilerThread1" daemon [_thread_blocked, id=21136, stack(0x000000fe8df00000,0x000000fe8e000000)]
=>0x00000246d11da000 JavaThread "C2 CompilerThread2" daemon [_thread_in_native, id=18548, stack(0x000000fe8e000000,0x000000fe8e100000)]
  0x00000246d56e2000 JavaThread "Memory manager" [_thread_blocked, id=15488, stack(0x000000fe8fb00000,0x000000fe8fc00000)]

Other Threads:
  0x00000246cf79a000 VMThread "VM Thread" [stack: 0x000000fe8bf00000,0x000000fe8c000000] [id=7592]
  0x00000246d01e0800 WatcherThread [stack: 0x000000fe8c900000,0x000000fe8ca00000] [id=18876]
  0x00000246b3364000 GCTaskThread "GC Thread#0" [stack: 0x000000fe8ba00000,0x000000fe8bb00000] [id=15748]
  0x00000246d0c4a000 GCTaskThread "GC Thread#1" [stack: 0x000000fe8cc00000,0x000000fe8cd00000] [id=21536]
  0x00000246d0edc800 GCTaskThread "GC Thread#2" [stack: 0x000000fe8cd00000,0x000000fe8ce00000] [id=22036]
  0x00000246d0b6d800 GCTaskThread "GC Thread#3" [stack: 0x000000fe8ce00000,0x000000fe8cf00000] [id=3532]
  0x00000246d0b6e000 GCTaskThread "GC Thread#4" [stack: 0x000000fe8cf00000,0x000000fe8d000000] [id=13216]
  0x00000246d2fdc800 GCTaskThread "GC Thread#5" [stack: 0x000000fe8da00000,0x000000fe8db00000] [id=7660]
  0x00000246d318d800 GCTaskThread "GC Thread#6" [stack: 0x000000fe8db00000,0x000000fe8dc00000] [id=22000]
  0x00000246d1838800 GCTaskThread "GC Thread#7" [stack: 0x000000fe8dc00000,0x000000fe8dd00000] [id=22008]
  0x00000246b3396000 ConcurrentGCThread "G1 Main Marker" [stack: 0x000000fe8bb00000,0x000000fe8bc00000] [id=22448]
  0x00000246b3397800 ConcurrentGCThread "G1 Conc#0" [stack: 0x000000fe8bc00000,0x000000fe8bd00000] [id=21716]
  0x00000246d2908000 ConcurrentGCThread "G1 Conc#1" [stack: 0x000000fe8dd00000,0x000000fe8de00000] [id=16988]
  0x00000246cf604800 ConcurrentGCThread "G1 Refine#0" [stack: 0x000000fe8bd00000,0x000000fe8be00000] [id=17280]
  0x00000246cf605800 ConcurrentGCThread "G1 Young RemSet Sampling" [stack: 0x000000fe8be00000,0x000000fe8bf00000] [id=22344]

Threads with active compile tasks:
C2 CompilerThread2  13810 6337       4       java.beans.Introspector::addMethod (196 bytes)

VM state:not at safepoint (normal execution)

VM Mutex/Monitor currently owned by a thread: None

Heap address: 0x0000000080000000, size: 2048 MB, Compressed Oops mode: 32-bit
Narrow klass base: 0x0000000000000000, Narrow klass shift: 3
Compressed class space size: 1073741824 Address: 0x0000000100000000

Heap:
 garbage-first heap   total 245760K, used 128390K [0x0000000080000000, 0x0000000100000000)
  region size 1024K, 86 young (88064K), 4 survivors (4096K)
 Metaspace       used 64561K, capacity 66157K, committed 66432K, reserved 1107968K
  class space    used 8226K, capacity 8786K, committed 8832K, reserved 1048576K
Heap Regions: E=young(eden), S=young(survivor), O=old, HS=humongous(starts), HC=humongous(continues), CS=collection set, F=free, A=archive, TAMS=top-at-mark-start (previous, next)
|   0|0x0000000080000000, 0x0000000080100000, 0x0000000080100000|100%| O|  |TAMS 0x0000000080100000, 0x0000000080000000| Untracked 
|   1|0x0000000080100000, 0x0000000080200000, 0x0000000080200000|100%| O|  |TAMS 0x0000000080200000, 0x0000000080100000| Untracked 
|   2|0x0000000080200000, 0x0000000080300000, 0x0000000080300000|100%| O|  |TAMS 0x0000000080300000, 0x0000000080200000| Untracked 
|   3|0x0000000080300000, 0x0000000080400000, 0x0000000080400000|100%|HS|  |TAMS 0x0000000080400000, 0x0000000080300000| Complete 
|   4|0x0000000080400000, 0x0000000080500000, 0x0000000080500000|100%|HC|  |TAMS 0x0000000080500000, 0x0000000080400000| Complete 
|   5|0x0000000080500000, 0x0000000080600000, 0x0000000080600000|100%|HC|  |TAMS 0x0000000080600000, 0x0000000080500000| Complete 
|   6|0x0000000080600000, 0x0000000080700000, 0x0000000080700000|100%| O|  |TAMS 0x0000000080700000, 0x0000000080600000| Untracked 
|   7|0x0000000080700000, 0x0000000080800000, 0x0000000080800000|100%| O|  |TAMS 0x0000000080800000, 0x0000000080700000| Untracked 
|   8|0x0000000080800000, 0x0000000080900000, 0x0000000080900000|100%| O|  |TAMS 0x0000000080900000, 0x0000000080800000| Untracked 
|   9|0x0000000080900000, 0x0000000080a00000, 0x0000000080a00000|100%| O|  |TAMS 0x0000000080a00000, 0x0000000080900000| Untracked 
|  10|0x0000000080a00000, 0x0000000080b00000, 0x0000000080b00000|100%| O|  |TAMS 0x0000000080b00000, 0x0000000080a00000| Untracked 
|  11|0x0000000080b00000, 0x0000000080c00000, 0x0000000080c00000|100%| O|  |TAMS 0x0000000080c00000, 0x0000000080b00000| Untracked 
|  12|0x0000000080c00000, 0x0000000080d00000, 0x0000000080d00000|100%| O|  |TAMS 0x0000000080d00000, 0x0000000080c00000| Untracked 
|  13|0x0000000080d00000, 0x0000000080e00000, 0x0000000080e00000|100%| O|  |TAMS 0x0000000080e00000, 0x0000000080d00000| Untracked 
|  14|0x0000000080e00000, 0x0000000080f00000, 0x0000000080f00000|100%| O|  |TAMS 0x0000000080f00000, 0x0000000080e00000| Untracked 
|  15|0x0000000080f00000, 0x0000000081000000, 0x0000000081000000|100%| O|  |TAMS 0x0000000081000000, 0x0000000080f00000| Untracked 
|  16|0x0000000081000000, 0x0000000081100000, 0x0000000081100000|100%| O|  |TAMS 0x0000000081100000, 0x0000000081000000| Untracked 
|  17|0x0000000081100000, 0x0000000081200000, 0x0000000081200000|100%|HS|  |TAMS 0x0000000081200000, 0x0000000081100000| Complete 
|  18|0x0000000081200000, 0x0000000081300000, 0x0000000081300000|100%|HS|  |TAMS 0x0000000081300000, 0x0000000081200000| Complete 
|  19|0x0000000081300000, 0x0000000081400000, 0x0000000081400000|100%|HS|  |TAMS 0x0000000081400000, 0x0000000081300000| Complete 
|  20|0x0000000081400000, 0x0000000081500000, 0x0000000081500000|100%|HC|  |TAMS 0x0000000081500000, 0x0000000081400000| Complete 
|  21|0x0000000081500000, 0x0000000081600000, 0x0000000081600000|100%| O|  |TAMS 0x0000000081600000, 0x0000000081500000| Untracked 
|  22|0x0000000081600000, 0x0000000081700000, 0x0000000081700000|100%| O|  |TAMS 0x0000000081700000, 0x0000000081600000| Untracked 
|  23|0x0000000081700000, 0x0000000081800000, 0x0000000081800000|100%| O|  |TAMS 0x0000000081800000, 0x0000000081700000| Untracked 
|  24|0x0000000081800000, 0x0000000081900000, 0x0000000081900000|100%| O|  |TAMS 0x0000000081900000, 0x0000000081800000| Untracked 
|  25|0x0000000081900000, 0x0000000081a00000, 0x0000000081a00000|100%| O|  |TAMS 0x0000000081a00000, 0x0000000081900000| Untracked 
|  26|0x0000000081a00000, 0x0000000081b00000, 0x0000000081b00000|100%| O|  |TAMS 0x0000000081b00000, 0x0000000081a00000| Untracked 
|  27|0x0000000081b00000, 0x0000000081c00000, 0x0000000081c00000|100%| O|  |TAMS 0x0000000081c00000, 0x0000000081b00000| Untracked 
|  28|0x0000000081c00000, 0x0000000081d00000, 0x0000000081d00000|100%| O|  |TAMS 0x0000000081d00000, 0x0000000081c00000| Untracked 
|  29|0x0000000081d00000, 0x0000000081e00000, 0x0000000081e00000|100%| O|  |TAMS 0x0000000081e00000, 0x0000000081d00000| Untracked 
|  30|0x0000000081e00000, 0x0000000081f00000, 0x0000000081f00000|100%| O|  |TAMS 0x0000000081f00000, 0x0000000081e00000| Untracked 
|  31|0x0000000081f00000, 0x0000000082000000, 0x0000000082000000|100%| O|  |TAMS 0x0000000082000000, 0x0000000081f00000| Untracked 
|  32|0x0000000082000000, 0x0000000082100000, 0x0000000082100000|100%| O|  |TAMS 0x0000000082100000, 0x0000000082000000| Untracked 
|  33|0x0000000082100000, 0x0000000082200000, 0x0000000082200000|100%| O|  |TAMS 0x0000000082200000, 0x0000000082100000| Untracked 
|  34|0x0000000082200000, 0x0000000082300000, 0x0000000082300000|100%| O|  |TAMS 0x0000000082300000, 0x0000000082200000| Untracked 
|  35|0x0000000082300000, 0x0000000082400000, 0x0000000082400000|100%| O|  |TAMS 0x0000000082400000, 0x0000000082300000| Untracked 
|  36|0x0000000082400000, 0x0000000082500000, 0x0000000082500000|100%| O|  |TAMS 0x0000000082500000, 0x0000000082400000| Untracked 
|  37|0x0000000082500000, 0x0000000082600000, 0x0000000082600000|100%| O|  |TAMS 0x0000000082600000, 0x0000000082500000| Untracked 
|  38|0x0000000082600000, 0x0000000082700000, 0x0000000082700000|100%| O|  |TAMS 0x0000000082700000, 0x0000000082600000| Untracked 
|  39|0x0000000082700000, 0x0000000082800000, 0x0000000082800000|100%| O|  |TAMS 0x0000000082800000, 0x0000000082700000| Untracked 
|  40|0x0000000082800000, 0x0000000082900000, 0x0000000082900000|100%| O|  |TAMS 0x0000000082900000, 0x0000000082800000| Untracked 
|  41|0x0000000082900000, 0x0000000082917600, 0x0000000082a00000|  9%| O|  |TAMS 0x0000000082917600, 0x0000000082900000| Untracked 
|  42|0x0000000082a00000, 0x0000000082b00000, 0x0000000082b00000|100%|HS|  |TAMS 0x0000000082a00000, 0x0000000082a00000| Complete 
|  43|0x0000000082b00000, 0x0000000082b00000, 0x0000000082c00000|  0%| F|  |TAMS 0x0000000082b00000, 0x0000000082b00000| Untracked 
|  44|0x0000000082c00000, 0x0000000082c00000, 0x0000000082d00000|  0%| F|  |TAMS 0x0000000082c00000, 0x0000000082c00000| Untracked 
|  45|0x0000000082d00000, 0x0000000082d00000, 0x0000000082e00000|  0%| F|  |TAMS 0x0000000082d00000, 0x0000000082d00000| Untracked 
|  46|0x0000000082e00000, 0x0000000082e00000, 0x0000000082f00000|  0%| F|  |TAMS 0x0000000082e00000, 0x0000000082e00000| Untracked 
|  47|0x0000000082f00000, 0x0000000082f00000, 0x0000000083000000|  0%| F|  |TAMS 0x0000000082f00000, 0x0000000082f00000| Untracked 
|  48|0x0000000083000000, 0x0000000083000000, 0x0000000083100000|  0%| F|  |TAMS 0x0000000083000000, 0x0000000083000000| Untracked 
|  49|0x0000000083100000, 0x0000000083100000, 0x0000000083200000|  0%| F|  |TAMS 0x0000000083100000, 0x0000000083100000| Untracked 
|  50|0x0000000083200000, 0x0000000083200000, 0x0000000083300000|  0%| F|  |TAMS 0x0000000083200000, 0x0000000083200000| Untracked 
|  51|0x0000000083300000, 0x0000000083300000, 0x0000000083400000|  0%| F|  |TAMS 0x0000000083300000, 0x0000000083300000| Untracked 
|  52|0x0000000083400000, 0x0000000083400000, 0x0000000083500000|  0%| F|  |TAMS 0x0000000083400000, 0x0000000083400000| Untracked 
|  53|0x0000000083500000, 0x0000000083500000, 0x0000000083600000|  0%| F|  |TAMS 0x0000000083500000, 0x0000000083500000| Untracked 
|  54|0x0000000083600000, 0x0000000083600000, 0x0000000083700000|  0%| F|  |TAMS 0x0000000083600000, 0x0000000083600000| Untracked 
|  55|0x0000000083700000, 0x0000000083700000, 0x0000000083800000|  0%| F|  |TAMS 0x0000000083700000, 0x0000000083700000| Untracked 
|  56|0x0000000083800000, 0x0000000083800000, 0x0000000083900000|  0%| F|  |TAMS 0x0000000083800000, 0x0000000083800000| Untracked 
|  57|0x0000000083900000, 0x0000000083900000, 0x0000000083a00000|  0%| F|  |TAMS 0x0000000083900000, 0x0000000083900000| Untracked 
|  58|0x0000000083a00000, 0x0000000083a00000, 0x0000000083b00000|  0%| F|  |TAMS 0x0000000083a00000, 0x0000000083a00000| Untracked 
|  59|0x0000000083b00000, 0x0000000083b00000, 0x0000000083c00000|  0%| F|  |TAMS 0x0000000083b00000, 0x0000000083b00000| Untracked 
|  60|0x0000000083c00000, 0x0000000083c00000, 0x0000000083d00000|  0%| F|  |TAMS 0x0000000083c00000, 0x0000000083c00000| Untracked 
|  61|0x0000000083d00000, 0x0000000083d00000, 0x0000000083e00000|  0%| F|  |TAMS 0x0000000083d00000, 0x0000000083d00000| Untracked 
|  62|0x0000000083e00000, 0x0000000083e00000, 0x0000000083f00000|  0%| F|  |TAMS 0x0000000083e00000, 0x0000000083e00000| Untracked 
|  63|0x0000000083f00000, 0x0000000083f00000, 0x0000000084000000|  0%| F|  |TAMS 0x0000000083f00000, 0x0000000083f00000| Untracked 
|  64|0x0000000084000000, 0x0000000084000000, 0x0000000084100000|  0%| F|  |TAMS 0x0000000084000000, 0x0000000084000000| Untracked 
|  65|0x0000000084100000, 0x0000000084100000, 0x0000000084200000|  0%| F|  |TAMS 0x0000000084100000, 0x0000000084100000| Untracked 
|  66|0x0000000084200000, 0x0000000084200000, 0x0000000084300000|  0%| F|  |TAMS 0x0000000084200000, 0x0000000084200000| Untracked 
|  67|0x0000000084300000, 0x0000000084300000, 0x0000000084400000|  0%| F|  |TAMS 0x0000000084300000, 0x0000000084300000| Untracked 
|  68|0x0000000084400000, 0x0000000084400000, 0x0000000084500000|  0%| F|  |TAMS 0x0000000084400000, 0x0000000084400000| Untracked 
|  69|0x0000000084500000, 0x0000000084500000, 0x0000000084600000|  0%| F|  |TAMS 0x0000000084500000, 0x0000000084500000| Untracked 
|  70|0x0000000084600000, 0x0000000084600000, 0x0000000084700000|  0%| F|  |TAMS 0x0000000084600000, 0x0000000084600000| Untracked 
|  71|0x0000000084700000, 0x0000000084700000, 0x0000000084800000|  0%| F|  |TAMS 0x0000000084700000, 0x0000000084700000| Untracked 
|  72|0x0000000084800000, 0x0000000084800000, 0x0000000084900000|  0%| F|  |TAMS 0x0000000084800000, 0x0000000084800000| Untracked 
|  73|0x0000000084900000, 0x0000000084900000, 0x0000000084a00000|  0%| F|  |TAMS 0x0000000084900000, 0x0000000084900000| Untracked 
|  74|0x0000000084a00000, 0x0000000084a00000, 0x0000000084b00000|  0%| F|  |TAMS 0x0000000084a00000, 0x0000000084a00000| Untracked 
|  75|0x0000000084b00000, 0x0000000084b00000, 0x0000000084c00000|  0%| F|  |TAMS 0x0000000084b00000, 0x0000000084b00000| Untracked 
|  76|0x0000000084c00000, 0x0000000084c00000, 0x0000000084d00000|  0%| F|  |TAMS 0x0000000084c00000, 0x0000000084c00000| Untracked 
|  77|0x0000000084d00000, 0x0000000084d00000, 0x0000000084e00000|  0%| F|  |TAMS 0x0000000084d00000, 0x0000000084d00000| Untracked 
|  78|0x0000000084e00000, 0x0000000084e00000, 0x0000000084f00000|  0%| F|  |TAMS 0x0000000084e00000, 0x0000000084e00000| Untracked 
|  79|0x0000000084f00000, 0x0000000084f00000, 0x0000000085000000|  0%| F|  |TAMS 0x0000000084f00000, 0x0000000084f00000| Untracked 
|  80|0x0000000085000000, 0x0000000085000000, 0x0000000085100000|  0%| F|  |TAMS 0x0000000085000000, 0x0000000085000000| Untracked 
|  81|0x0000000085100000, 0x0000000085100000, 0x0000000085200000|  0%| F|  |TAMS 0x0000000085100000, 0x0000000085100000| Untracked 
|  82|0x0000000085200000, 0x0000000085200000, 0x0000000085300000|  0%| F|  |TAMS 0x0000000085200000, 0x0000000085200000| Untracked 
|  83|0x0000000085300000, 0x0000000085300000, 0x0000000085400000|  0%| F|  |TAMS 0x0000000085300000, 0x0000000085300000| Untracked 
|  84|0x0000000085400000, 0x0000000085400000, 0x0000000085500000|  0%| F|  |TAMS 0x0000000085400000, 0x0000000085400000| Untracked 
|  85|0x0000000085500000, 0x0000000085500000, 0x0000000085600000|  0%| F|  |TAMS 0x0000000085500000, 0x0000000085500000| Untracked 
|  86|0x0000000085600000, 0x0000000085600000, 0x0000000085700000|  0%| F|  |TAMS 0x0000000085600000, 0x0000000085600000| Untracked 
|  87|0x0000000085700000, 0x0000000085700000, 0x0000000085800000|  0%| F|  |TAMS 0x0000000085700000, 0x0000000085700000| Untracked 
|  88|0x0000000085800000, 0x0000000085800000, 0x0000000085900000|  0%| F|  |TAMS 0x0000000085800000, 0x0000000085800000| Untracked 
|  89|0x0000000085900000, 0x0000000085900000, 0x0000000085a00000|  0%| F|  |TAMS 0x0000000085900000, 0x0000000085900000| Untracked 
|  90|0x0000000085a00000, 0x0000000085a00000, 0x0000000085b00000|  0%| F|  |TAMS 0x0000000085a00000, 0x0000000085a00000| Untracked 
|  91|0x0000000085b00000, 0x0000000085b00000, 0x0000000085c00000|  0%| F|  |TAMS 0x0000000085b00000, 0x0000000085b00000| Untracked 
|  92|0x0000000085c00000, 0x0000000085c00000, 0x0000000085d00000|  0%| F|  |TAMS 0x0000000085c00000, 0x0000000085c00000| Untracked 
|  93|0x0000000085d00000, 0x0000000085d00000, 0x0000000085e00000|  0%| F|  |TAMS 0x0000000085d00000, 0x0000000085d00000| Untracked 
|  94|0x0000000085e00000, 0x0000000085e00000, 0x0000000085f00000|  0%| F|  |TAMS 0x0000000085e00000, 0x0000000085e00000| Untracked 
|  95|0x0000000085f00000, 0x0000000085f00000, 0x0000000086000000|  0%| F|  |TAMS 0x0000000085f00000, 0x0000000085f00000| Untracked 
|  96|0x0000000086000000, 0x0000000086000000, 0x0000000086100000|  0%| F|  |TAMS 0x0000000086000000, 0x0000000086000000| Untracked 
|  97|0x0000000086100000, 0x0000000086100000, 0x0000000086200000|  0%| F|  |TAMS 0x0000000086100000, 0x0000000086100000| Untracked 
|  98|0x0000000086200000, 0x0000000086200000, 0x0000000086300000|  0%| F|  |TAMS 0x0000000086200000, 0x0000000086200000| Untracked 
|  99|0x0000000086300000, 0x0000000086300000, 0x0000000086400000|  0%| F|  |TAMS 0x0000000086300000, 0x0000000086300000| Untracked 
| 100|0x0000000086400000, 0x0000000086400000, 0x0000000086500000|  0%| F|  |TAMS 0x0000000086400000, 0x0000000086400000| Untracked 
| 101|0x0000000086500000, 0x0000000086500000, 0x0000000086600000|  0%| F|  |TAMS 0x0000000086500000, 0x0000000086500000| Untracked 
| 102|0x0000000086600000, 0x0000000086600000, 0x0000000086700000|  0%| F|  |TAMS 0x0000000086600000, 0x0000000086600000| Untracked 
| 103|0x0000000086700000, 0x0000000086700000, 0x0000000086800000|  0%| F|  |TAMS 0x0000000086700000, 0x0000000086700000| Untracked 
| 104|0x0000000086800000, 0x0000000086800000, 0x0000000086900000|  0%| F|  |TAMS 0x0000000086800000, 0x0000000086800000| Untracked 
| 105|0x0000000086900000, 0x0000000086900000, 0x0000000086a00000|  0%| F|  |TAMS 0x0000000086900000, 0x0000000086900000| Untracked 
| 106|0x0000000086a00000, 0x0000000086a00000, 0x0000000086b00000|  0%| F|  |TAMS 0x0000000086a00000, 0x0000000086a00000| Untracked 
| 107|0x0000000086b00000, 0x0000000086b00000, 0x0000000086c00000|  0%| F|  |TAMS 0x0000000086b00000, 0x0000000086b00000| Untracked 
| 108|0x0000000086c00000, 0x0000000086c00000, 0x0000000086d00000|  0%| F|  |TAMS 0x0000000086c00000, 0x0000000086c00000| Untracked 
| 109|0x0000000086d00000, 0x0000000086d00000, 0x0000000086e00000|  0%| F|  |TAMS 0x0000000086d00000, 0x0000000086d00000| Untracked 
| 110|0x0000000086e00000, 0x0000000086e00000, 0x0000000086f00000|  0%| F|  |TAMS 0x0000000086e00000, 0x0000000086e00000| Untracked 
| 111|0x0000000086f00000, 0x0000000086f00000, 0x0000000087000000|  0%| F|  |TAMS 0x0000000086f00000, 0x0000000086f00000| Untracked 
| 112|0x0000000087000000, 0x0000000087000000, 0x0000000087100000|  0%| F|  |TAMS 0x0000000087000000, 0x0000000087000000| Untracked 
| 113|0x0000000087100000, 0x0000000087100000, 0x0000000087200000|  0%| F|  |TAMS 0x0000000087100000, 0x0000000087100000| Untracked 
| 114|0x0000000087200000, 0x0000000087200000, 0x0000000087300000|  0%| F|  |TAMS 0x0000000087200000, 0x0000000087200000| Untracked 
| 115|0x0000000087300000, 0x0000000087300000, 0x0000000087400000|  0%| F|  |TAMS 0x0000000087300000, 0x0000000087300000| Untracked 
| 116|0x0000000087400000, 0x0000000087400000, 0x0000000087500000|  0%| F|  |TAMS 0x0000000087400000, 0x0000000087400000| Untracked 
| 117|0x0000000087500000, 0x0000000087500000, 0x0000000087600000|  0%| F|  |TAMS 0x0000000087500000, 0x0000000087500000| Untracked 
| 118|0x0000000087600000, 0x0000000087600000, 0x0000000087700000|  0%| F|  |TAMS 0x0000000087600000, 0x0000000087600000| Untracked 
| 119|0x0000000087700000, 0x0000000087700000, 0x0000000087800000|  0%| F|  |TAMS 0x0000000087700000, 0x0000000087700000| Untracked 
| 120|0x0000000087800000, 0x0000000087800000, 0x0000000087900000|  0%| F|  |TAMS 0x0000000087800000, 0x0000000087800000| Untracked 
| 121|0x0000000087900000, 0x0000000087900000, 0x0000000087a00000|  0%| F|  |TAMS 0x0000000087900000, 0x0000000087900000| Untracked 
| 122|0x0000000087a00000, 0x0000000087a00000, 0x0000000087b00000|  0%| F|  |TAMS 0x0000000087a00000, 0x0000000087a00000| Untracked 
| 123|0x0000000087b00000, 0x0000000087b00000, 0x0000000087c00000|  0%| F|  |TAMS 0x0000000087b00000, 0x0000000087b00000| Untracked 
| 124|0x0000000087c00000, 0x0000000087c00000, 0x0000000087d00000|  0%| F|  |TAMS 0x0000000087c00000, 0x0000000087c00000| Untracked 
| 125|0x0000000087d00000, 0x0000000087d00000, 0x0000000087e00000|  0%| F|  |TAMS 0x0000000087d00000, 0x0000000087d00000| Untracked 
| 126|0x0000000087e00000, 0x0000000087e00000, 0x0000000087f00000|  0%| F|  |TAMS 0x0000000087e00000, 0x0000000087e00000| Untracked 
| 127|0x0000000087f00000, 0x0000000087f00000, 0x0000000088000000|  0%| F|  |TAMS 0x0000000087f00000, 0x0000000087f00000| Untracked 
| 128|0x0000000088000000, 0x0000000088000000, 0x0000000088100000|  0%| F|  |TAMS 0x0000000088000000, 0x0000000088000000| Untracked 
| 129|0x0000000088100000, 0x0000000088100000, 0x0000000088200000|  0%| F|  |TAMS 0x0000000088100000, 0x0000000088100000| Untracked 
| 130|0x0000000088200000, 0x0000000088200000, 0x0000000088300000|  0%| F|  |TAMS 0x0000000088200000, 0x0000000088200000| Untracked 
| 131|0x0000000088300000, 0x0000000088300000, 0x0000000088400000|  0%| F|  |TAMS 0x0000000088300000, 0x0000000088300000| Untracked 
| 132|0x0000000088400000, 0x0000000088400000, 0x0000000088500000|  0%| F|  |TAMS 0x0000000088400000, 0x0000000088400000| Untracked 
| 133|0x0000000088500000, 0x0000000088500000, 0x0000000088600000|  0%| F|  |TAMS 0x0000000088500000, 0x0000000088500000| Untracked 
| 134|0x0000000088600000, 0x0000000088600000, 0x0000000088700000|  0%| F|  |TAMS 0x0000000088600000, 0x0000000088600000| Untracked 
| 135|0x0000000088700000, 0x0000000088700000, 0x0000000088800000|  0%| F|  |TAMS 0x0000000088700000, 0x0000000088700000| Untracked 
| 136|0x0000000088800000, 0x0000000088800000, 0x0000000088900000|  0%| F|  |TAMS 0x0000000088800000, 0x0000000088800000| Untracked 
| 137|0x0000000088900000, 0x0000000088900000, 0x0000000088a00000|  0%| F|  |TAMS 0x0000000088900000, 0x0000000088900000| Untracked 
| 138|0x0000000088a00000, 0x0000000088a00000, 0x0000000088b00000|  0%| F|  |TAMS 0x0000000088a00000, 0x0000000088a00000| Untracked 
| 139|0x0000000088b00000, 0x0000000088b00000, 0x0000000088c00000|  0%| F|  |TAMS 0x0000000088b00000, 0x0000000088b00000| Untracked 
| 140|0x0000000088c00000, 0x0000000088c00000, 0x0000000088d00000|  0%| F|  |TAMS 0x0000000088c00000, 0x0000000088c00000| Untracked 
| 141|0x0000000088d00000, 0x0000000088d00000, 0x0000000088e00000|  0%| F|  |TAMS 0x0000000088d00000, 0x0000000088d00000| Untracked 
| 142|0x0000000088e00000, 0x0000000088e00000, 0x0000000088f00000|  0%| F|  |TAMS 0x0000000088e00000, 0x0000000088e00000| Untracked 
| 143|0x0000000088f00000, 0x0000000088f00000, 0x0000000089000000|  0%| F|  |TAMS 0x0000000088f00000, 0x0000000088f00000| Untracked 
| 144|0x0000000089000000, 0x0000000089000000, 0x0000000089100000|  0%| F|  |TAMS 0x0000000089000000, 0x0000000089000000| Untracked 
| 145|0x0000000089100000, 0x0000000089100000, 0x0000000089200000|  0%| F|  |TAMS 0x0000000089100000, 0x0000000089100000| Untracked 
| 146|0x0000000089200000, 0x0000000089200000, 0x0000000089300000|  0%| F|  |TAMS 0x0000000089200000, 0x0000000089200000| Untracked 
| 147|0x0000000089300000, 0x0000000089300000, 0x0000000089400000|  0%| F|  |TAMS 0x0000000089300000, 0x0000000089300000| Untracked 
| 148|0x0000000089400000, 0x0000000089400000, 0x0000000089500000|  0%| F|  |TAMS 0x0000000089400000, 0x0000000089400000| Untracked 
| 149|0x0000000089500000, 0x0000000089500000, 0x0000000089600000|  0%| F|  |TAMS 0x0000000089500000, 0x0000000089500000| Untracked 
| 150|0x0000000089600000, 0x0000000089600000, 0x0000000089700000|  0%| F|  |TAMS 0x0000000089600000, 0x0000000089600000| Untracked 
| 151|0x0000000089700000, 0x0000000089700000, 0x0000000089800000|  0%| F|  |TAMS 0x0000000089700000, 0x0000000089700000| Untracked 
| 152|0x0000000089800000, 0x0000000089800000, 0x0000000089900000|  0%| F|  |TAMS 0x0000000089800000, 0x0000000089800000| Untracked 
| 153|0x0000000089900000, 0x0000000089980800, 0x0000000089a00000| 50%| E|  |TAMS 0x0000000089900000, 0x0000000089900000| Complete 
| 154|0x0000000089a00000, 0x0000000089b00000, 0x0000000089b00000|100%| E|CS|TAMS 0x0000000089a00000, 0x0000000089a00000| Complete 
| 155|0x0000000089b00000, 0x0000000089c00000, 0x0000000089c00000|100%| E|CS|TAMS 0x0000000089b00000, 0x0000000089b00000| Complete 
| 156|0x0000000089c00000, 0x0000000089d00000, 0x0000000089d00000|100%| E|CS|TAMS 0x0000000089c00000, 0x0000000089c00000| Complete 
| 157|0x0000000089d00000, 0x0000000089e00000, 0x0000000089e00000|100%| E|CS|TAMS 0x0000000089d00000, 0x0000000089d00000| Complete 
| 158|0x0000000089e00000, 0x0000000089f00000, 0x0000000089f00000|100%| E|CS|TAMS 0x0000000089e00000, 0x0000000089e00000| Complete 
| 159|0x0000000089f00000, 0x000000008a000000, 0x000000008a000000|100%| E|CS|TAMS 0x0000000089f00000, 0x0000000089f00000| Complete 
| 160|0x000000008a000000, 0x000000008a100000, 0x000000008a100000|100%| E|CS|TAMS 0x000000008a000000, 0x000000008a000000| Complete 
| 161|0x000000008a100000, 0x000000008a200000, 0x000000008a200000|100%| E|CS|TAMS 0x000000008a100000, 0x000000008a100000| Complete 
| 162|0x000000008a200000, 0x000000008a300000, 0x000000008a300000|100%| E|CS|TAMS 0x000000008a200000, 0x000000008a200000| Complete 
| 163|0x000000008a300000, 0x000000008a400000, 0x000000008a400000|100%| E|CS|TAMS 0x000000008a300000, 0x000000008a300000| Complete 
| 164|0x000000008a400000, 0x000000008a500000, 0x000000008a500000|100%| E|CS|TAMS 0x000000008a400000, 0x000000008a400000| Complete 
| 165|0x000000008a500000, 0x000000008a600000, 0x000000008a600000|100%| E|CS|TAMS 0x000000008a500000, 0x000000008a500000| Complete 
| 166|0x000000008a600000, 0x000000008a700000, 0x000000008a700000|100%| E|CS|TAMS 0x000000008a600000, 0x000000008a600000| Complete 
| 167|0x000000008a700000, 0x000000008a800000, 0x000000008a800000|100%| E|CS|TAMS 0x000000008a700000, 0x000000008a700000| Complete 
| 168|0x000000008a800000, 0x000000008a900000, 0x000000008a900000|100%| E|CS|TAMS 0x000000008a800000, 0x000000008a800000| Complete 
| 169|0x000000008a900000, 0x000000008aa00000, 0x000000008aa00000|100%| E|CS|TAMS 0x000000008a900000, 0x000000008a900000| Complete 
| 170|0x000000008aa00000, 0x000000008ab00000, 0x000000008ab00000|100%| E|CS|TAMS 0x000000008aa00000, 0x000000008aa00000| Complete 
| 171|0x000000008ab00000, 0x000000008ac00000, 0x000000008ac00000|100%| E|CS|TAMS 0x000000008ab00000, 0x000000008ab00000| Complete 
| 172|0x000000008ac00000, 0x000000008ad00000, 0x000000008ad00000|100%| E|CS|TAMS 0x000000008ac00000, 0x000000008ac00000| Complete 
| 173|0x000000008ad00000, 0x000000008ae00000, 0x000000008ae00000|100%| E|CS|TAMS 0x000000008ad00000, 0x000000008ad00000| Complete 
| 174|0x000000008ae00000, 0x000000008af00000, 0x000000008af00000|100%| E|CS|TAMS 0x000000008ae00000, 0x000000008ae00000| Complete 
| 175|0x000000008af00000, 0x000000008b000000, 0x000000008b000000|100%| E|CS|TAMS 0x000000008af00000, 0x000000008af00000| Complete 
| 176|0x000000008b000000, 0x000000008b100000, 0x000000008b100000|100%| E|CS|TAMS 0x000000008b000000, 0x000000008b000000| Complete 
| 177|0x000000008b100000, 0x000000008b200000, 0x000000008b200000|100%| E|CS|TAMS 0x000000008b100000, 0x000000008b100000| Complete 
| 178|0x000000008b200000, 0x000000008b300000, 0x000000008b300000|100%| E|CS|TAMS 0x000000008b200000, 0x000000008b200000| Complete 
| 179|0x000000008b300000, 0x000000008b400000, 0x000000008b400000|100%| E|CS|TAMS 0x000000008b300000, 0x000000008b300000| Complete 
| 180|0x000000008b400000, 0x000000008b500000, 0x000000008b500000|100%| E|CS|TAMS 0x000000008b400000, 0x000000008b400000| Complete 
| 181|0x000000008b500000, 0x000000008b600000, 0x000000008b600000|100%| E|CS|TAMS 0x000000008b500000, 0x000000008b500000| Complete 
| 182|0x000000008b600000, 0x000000008b700000, 0x000000008b700000|100%| E|CS|TAMS 0x000000008b600000, 0x000000008b600000| Complete 
| 183|0x000000008b700000, 0x000000008b800000, 0x000000008b800000|100%| E|CS|TAMS 0x000000008b700000, 0x000000008b700000| Complete 
| 184|0x000000008b800000, 0x000000008b900000, 0x000000008b900000|100%| E|CS|TAMS 0x000000008b800000, 0x000000008b800000| Complete 
| 185|0x000000008b900000, 0x000000008ba00000, 0x000000008ba00000|100%| E|CS|TAMS 0x000000008b900000, 0x000000008b900000| Complete 
| 186|0x000000008ba00000, 0x000000008bb00000, 0x000000008bb00000|100%| E|CS|TAMS 0x000000008ba00000, 0x000000008ba00000| Complete 
| 187|0x000000008bb00000, 0x000000008bc00000, 0x000000008bc00000|100%| E|CS|TAMS 0x000000008bb00000, 0x000000008bb00000| Complete 
| 188|0x000000008bc00000, 0x000000008bd00000, 0x000000008bd00000|100%| E|CS|TAMS 0x000000008bc00000, 0x000000008bc00000| Complete 
| 189|0x000000008bd00000, 0x000000008be00000, 0x000000008be00000|100%| E|CS|TAMS 0x000000008bd00000, 0x000000008bd00000| Complete 
| 190|0x000000008be00000, 0x000000008bf00000, 0x000000008bf00000|100%| E|CS|TAMS 0x000000008be00000, 0x000000008be00000| Complete 
| 191|0x000000008bf00000, 0x000000008c000000, 0x000000008c000000|100%| E|CS|TAMS 0x000000008bf00000, 0x000000008bf00000| Complete 
| 192|0x000000008c000000, 0x000000008c100000, 0x000000008c100000|100%| E|CS|TAMS 0x000000008c000000, 0x000000008c000000| Complete 
| 193|0x000000008c100000, 0x000000008c200000, 0x000000008c200000|100%| E|CS|TAMS 0x000000008c100000, 0x000000008c100000| Complete 
| 194|0x000000008c200000, 0x000000008c300000, 0x000000008c300000|100%| E|CS|TAMS 0x000000008c200000, 0x000000008c200000| Complete 
| 195|0x000000008c300000, 0x000000008c400000, 0x000000008c400000|100%| E|CS|TAMS 0x000000008c300000, 0x000000008c300000| Complete 
| 196|0x000000008c400000, 0x000000008c500000, 0x000000008c500000|100%| E|CS|TAMS 0x000000008c400000, 0x000000008c400000| Complete 
| 197|0x000000008c500000, 0x000000008c600000, 0x000000008c600000|100%| E|CS|TAMS 0x000000008c500000, 0x000000008c500000| Complete 
| 198|0x000000008c600000, 0x000000008c700000, 0x000000008c700000|100%| E|CS|TAMS 0x000000008c600000, 0x000000008c600000| Complete 
| 199|0x000000008c700000, 0x000000008c800000, 0x000000008c800000|100%| E|CS|TAMS 0x000000008c700000, 0x000000008c700000| Complete 
| 200|0x000000008c800000, 0x000000008c900000, 0x000000008c900000|100%| E|CS|TAMS 0x000000008c800000, 0x000000008c800000| Complete 
| 201|0x000000008c900000, 0x000000008ca00000, 0x000000008ca00000|100%| E|CS|TAMS 0x000000008c900000, 0x000000008c900000| Complete 
| 202|0x000000008ca00000, 0x000000008cb00000, 0x000000008cb00000|100%| E|CS|TAMS 0x000000008ca00000, 0x000000008ca00000| Complete 
| 203|0x000000008cb00000, 0x000000008cc00000, 0x000000008cc00000|100%| E|CS|TAMS 0x000000008cb00000, 0x000000008cb00000| Complete 
| 204|0x000000008cc00000, 0x000000008cc4a2e8, 0x000000008cd00000| 28%| S|CS|TAMS 0x000000008cc00000, 0x000000008cc00000| Complete 
| 205|0x000000008cd00000, 0x000000008ce00000, 0x000000008ce00000|100%| S|CS|TAMS 0x000000008cd00000, 0x000000008cd00000| Complete 
| 206|0x000000008ce00000, 0x000000008cf00000, 0x000000008cf00000|100%| S|CS|TAMS 0x000000008ce00000, 0x000000008ce00000| Complete 
| 207|0x000000008cf00000, 0x000000008d000000, 0x000000008d000000|100%| S|CS|TAMS 0x000000008cf00000, 0x000000008cf00000| Complete 
| 208|0x000000008d000000, 0x000000008d100000, 0x000000008d100000|100%| E|CS|TAMS 0x000000008d000000, 0x000000008d000000| Complete 
| 209|0x000000008d100000, 0x000000008d200000, 0x000000008d200000|100%| E|CS|TAMS 0x000000008d100000, 0x000000008d100000| Complete 
| 210|0x000000008d200000, 0x000000008d300000, 0x000000008d300000|100%| E|CS|TAMS 0x000000008d200000, 0x000000008d200000| Complete 
| 211|0x000000008d300000, 0x000000008d400000, 0x000000008d400000|100%| E|CS|TAMS 0x000000008d300000, 0x000000008d300000| Complete 
| 212|0x000000008d400000, 0x000000008d500000, 0x000000008d500000|100%| E|CS|TAMS 0x000000008d400000, 0x000000008d400000| Complete 
| 213|0x000000008d500000, 0x000000008d600000, 0x000000008d600000|100%| E|CS|TAMS 0x000000008d500000, 0x000000008d500000| Complete 
| 214|0x000000008d600000, 0x000000008d700000, 0x000000008d700000|100%| E|CS|TAMS 0x000000008d600000, 0x000000008d600000| Complete 
| 215|0x000000008d700000, 0x000000008d800000, 0x000000008d800000|100%| E|CS|TAMS 0x000000008d700000, 0x000000008d700000| Complete 
| 216|0x000000008d800000, 0x000000008d900000, 0x000000008d900000|100%| E|CS|TAMS 0x000000008d800000, 0x000000008d800000| Complete 
| 217|0x000000008d900000, 0x000000008da00000, 0x000000008da00000|100%| E|CS|TAMS 0x000000008d900000, 0x000000008d900000| Complete 
| 218|0x000000008da00000, 0x000000008db00000, 0x000000008db00000|100%| E|CS|TAMS 0x000000008da00000, 0x000000008da00000| Complete 
| 219|0x000000008db00000, 0x000000008dc00000, 0x000000008dc00000|100%| E|CS|TAMS 0x000000008db00000, 0x000000008db00000| Complete 
| 220|0x000000008dc00000, 0x000000008dd00000, 0x000000008dd00000|100%| E|CS|TAMS 0x000000008dc00000, 0x000000008dc00000| Complete 
| 221|0x000000008dd00000, 0x000000008de00000, 0x000000008de00000|100%| E|CS|TAMS 0x000000008dd00000, 0x000000008dd00000| Complete 
| 222|0x000000008de00000, 0x000000008df00000, 0x000000008df00000|100%| E|CS|TAMS 0x000000008de00000, 0x000000008de00000| Complete 
| 223|0x000000008df00000, 0x000000008e000000, 0x000000008e000000|100%| E|CS|TAMS 0x000000008df00000, 0x000000008df00000| Complete 
| 224|0x000000008e000000, 0x000000008e100000, 0x000000008e100000|100%| E|CS|TAMS 0x000000008e000000, 0x000000008e000000| Complete 
| 225|0x000000008e100000, 0x000000008e200000, 0x000000008e200000|100%| E|CS|TAMS 0x000000008e100000, 0x000000008e100000| Complete 
| 226|0x000000008e200000, 0x000000008e300000, 0x000000008e300000|100%| E|CS|TAMS 0x000000008e200000, 0x000000008e200000| Complete 
| 227|0x000000008e300000, 0x000000008e400000, 0x000000008e400000|100%| E|CS|TAMS 0x000000008e300000, 0x000000008e300000| Complete 
| 228|0x000000008e400000, 0x000000008e500000, 0x000000008e500000|100%| E|CS|TAMS 0x000000008e400000, 0x000000008e400000| Complete 
| 229|0x000000008e500000, 0x000000008e600000, 0x000000008e600000|100%| E|CS|TAMS 0x000000008e500000, 0x000000008e500000| Complete 
| 230|0x000000008e600000, 0x000000008e700000, 0x000000008e700000|100%| E|CS|TAMS 0x000000008e600000, 0x000000008e600000| Complete 
| 231|0x000000008e700000, 0x000000008e800000, 0x000000008e800000|100%| E|  |TAMS 0x000000008e700000, 0x000000008e700000| Complete 
| 232|0x000000008e800000, 0x000000008e900000, 0x000000008e900000|100%| E|CS|TAMS 0x000000008e800000, 0x000000008e800000| Complete 
| 233|0x000000008e900000, 0x000000008ea00000, 0x000000008ea00000|100%| E|CS|TAMS 0x000000008e900000, 0x000000008e900000| Complete 
| 234|0x000000008ea00000, 0x000000008eb00000, 0x000000008eb00000|100%| E|CS|TAMS 0x000000008ea00000, 0x000000008ea00000| Complete 
| 235|0x000000008eb00000, 0x000000008ec00000, 0x000000008ec00000|100%| E|CS|TAMS 0x000000008eb00000, 0x000000008eb00000| Complete 
| 236|0x000000008ec00000, 0x000000008ed00000, 0x000000008ed00000|100%| E|CS|TAMS 0x000000008ec00000, 0x000000008ec00000| Complete 
| 237|0x000000008ed00000, 0x000000008ee00000, 0x000000008ee00000|100%| E|CS|TAMS 0x000000008ed00000, 0x000000008ed00000| Complete 
| 238|0x000000008ee00000, 0x000000008ef00000, 0x000000008ef00000|100%| E|CS|TAMS 0x000000008ee00000, 0x000000008ee00000| Complete 
| 239|0x000000008ef00000, 0x000000008f000000, 0x000000008f000000|100%| E|CS|TAMS 0x000000008ef00000, 0x000000008ef00000| Complete 

Card table byte_map: [0x00000246c8480000,0x00000246c8880000] _byte_map_base: 0x00000246c8080000

Marking Bits (Prev, Next): (CMBitMap*) 0x00000246b338d430, (CMBitMap*) 0x00000246b338d3f8
 Prev Bits: [0x00000246cac80000, 0x00000246ccc80000)
 Next Bits: [0x00000246c8c80000, 0x00000246cac80000)

Polling page: 0x00000246b85f0000

Metaspace:

Usage:
  Non-class:     56.03 MB capacity,    55.05 MB ( 98%) used,   834.50 KB (  1%) free+waste,   163.44 KB ( <1%) overhead. 
      Class:      8.58 MB capacity,     8.04 MB ( 94%) used,   476.11 KB (  5%) free+waste,    76.63 KB ( <1%) overhead. 
       Both:     64.61 MB capacity,    63.09 MB ( 98%) used,     1.28 MB (  2%) free+waste,   240.06 KB ( <1%) overhead. 

Virtual space:
  Non-class space:       58.00 MB reserved,      56.25 MB ( 97%) committed 
      Class space:        1.00 GB reserved,       8.63 MB ( <1%) committed 
             Both:        1.06 GB reserved,      64.88 MB (  6%) committed 

Chunk freelists:
   Non-Class:  37.00 KB
       Class:  14.00 KB
        Both:  51.00 KB

MaxMetaspaceSize: 17179869184.00 GB
CompressedClassSpaceSize: 1.00 GB

CodeHeap 'non-profiled nmethods': size=120000Kb used=4101Kb max_used=4101Kb free=115898Kb
 bounds [0x00000246c00e0000, 0x00000246c04f0000, 0x00000246c7610000]
CodeHeap 'profiled nmethods': size=120000Kb used=13349Kb max_used=13349Kb free=106650Kb
 bounds [0x00000246b8bb0000, 0x00000246b98c0000, 0x00000246c00e0000]
CodeHeap 'non-nmethods': size=5760Kb used=2263Kb max_used=2288Kb free=3496Kb
 bounds [0x00000246b8610000, 0x00000246b8880000, 0x00000246b8bb0000]
 total_blobs=7221 nmethods=6368 adapters=764
 compilation: enabled
              stopped_count=0, restarted_count=0
 full_count=0

Compilation events (20 events):
Event: 13.708 Thread 0x00000246d0030800 nmethod 6370 0x00000246c04d9e90 code [0x00000246c04da040, 0x00000246c04da0f8]
Event: 13.715 Thread 0x00000246d0030800 6371       1       com.android.build.gradle.internal.publishing.OutputSpecImpl::getLibraryElements (5 bytes)
Event: 13.715 Thread 0x00000246d0030800 nmethod 6371 0x00000246c04da190 code [0x00000246c04da340, 0x00000246c04da3f8]
Event: 13.715 Thread 0x00000246d0030800 6372       1       com.android.build.gradle.internal.publishing.OutputSpecImpl::getArtifactType (5 bytes)
Event: 13.715 Thread 0x00000246d0030800 nmethod 6372 0x00000246c04da490 code [0x00000246c04da640, 0x00000246c04da6f8]
Event: 13.715 Thread 0x00000246d0030800 6373       1       com.android.build.gradle.internal.publishing.OutputSpecImpl::getPublishedConfigTypes (5 bytes)
Event: 13.716 Thread 0x00000246d0030800 nmethod 6373 0x00000246c04da790 code [0x00000246c04da940, 0x00000246c04da9f8]
Event: 13.718 Thread 0x00000246d3ccd000 6374       4       kotlin.jvm.internal.Intrinsics::checkParameterIsNotNull (9 bytes)
Event: 13.718 Thread 0x00000246d0030800 6375       1       com.google.common.collect.SingletonImmutableList::size (2 bytes)
Event: 13.718 Thread 0x00000246d0030800 nmethod 6375 0x00000246c04daa90 code [0x00000246c04dac40, 0x00000246c04dacf8]
Event: 13.718 Thread 0x00000246d3ccd000 nmethod 6374 0x00000246c04dad90 code [0x00000246c04daf20, 0x00000246c04daf78]
Event: 13.730 Thread 0x00000246d0030800 6376   !   3       org.gradle.internal.instantiation.generator.AsmBackedClassGenerator$ClassBuilderImpl::getAnnotationParameterValue (16 bytes)
Event: 13.731 Thread 0x00000246d0030800 nmethod 6376 0x00000246b98b6f90 code [0x00000246b98b71a0, 0x00000246b98b7728]
Event: 13.762 Thread 0x00000246d3ccd000 6377       4       org.gradle.internal.instantiation.generator.AbstractClassGenerator$InjectionAnnotationValidator::validateMethod (166 bytes)
Event: 13.764 Thread 0x00000246d0030800 6378       3       org.objectweb.asm.SymbolTable::hash (12 bytes)
Event: 13.764 Thread 0x00000246d0030800 nmethod 6378 0x00000246b98b7a10 code [0x00000246b98b7bc0, 0x00000246b98b7ce8]
Event: 13.764 Thread 0x00000246d0030800 6379       3       org.objectweb.asm.SymbolTable$Entry::<init> (18 bytes)
Event: 13.764 Thread 0x00000246d0030800 nmethod 6379 0x00000246b98b7e10 code [0x00000246b98b7fc0, 0x00000246b98b8128]
Event: 13.767 Thread 0x00000246d0030800 6381       3       org.objectweb.asm.SymbolTable::addUninitializedType (103 bytes)
Event: 13.768 Thread 0x00000246d0030800 nmethod 6381 0x00000246b98b8210 code [0x00000246b98b8440, 0x00000246b98b8a78]

GC Heap History (14 events):
Event: 1.211 GC heap before
{Heap before GC invocations=0 (full 0):
 garbage-first heap   total 245760K, used 29696K [0x0000000080000000, 0x0000000100000000)
  region size 1024K, 24 young (24576K), 0 survivors (0K)
 Metaspace       used 9761K, capacity 10012K, committed 10368K, reserved 1058816K
  class space    used 990K, capacity 1041K, committed 1152K, reserved 1048576K
}
Event: 1.217 GC heap after
{Heap after GC invocations=1 (full 0):
 garbage-first heap   total 245760K, used 9226K [0x0000000080000000, 0x0000000100000000)
  region size 1024K, 3 young (3072K), 3 survivors (3072K)
 Metaspace       used 9761K, capacity 10012K, committed 10368K, reserved 1058816K
  class space    used 990K, capacity 1041K, committed 1152K, reserved 1048576K
}
Event: 4.162 GC heap before
{Heap before GC invocations=1 (full 0):
 garbage-first heap   total 245760K, used 122890K [0x0000000080000000, 0x0000000100000000)
  region size 1024K, 115 young (117760K), 3 survivors (3072K)
 Metaspace       used 20548K, capacity 21100K, committed 21248K, reserved 1067008K
  class space    used 2505K, capacity 2690K, committed 2816K, reserved 1048576K
}
Event: 4.175 GC heap after
{Heap after GC invocations=2 (full 0):
 garbage-first heap   total 245760K, used 17225K [0x0000000080000000, 0x0000000100000000)
  region size 1024K, 11 young (11264K), 11 survivors (11264K)
 Metaspace       used 20548K, capacity 21100K, committed 21248K, reserved 1067008K
  class space    used 2505K, capacity 2690K, committed 2816K, reserved 1048576K
}
Event: 4.755 GC heap before
{Heap before GC invocations=3 (full 0):
 garbage-first heap   total 245760K, used 59209K [0x0000000080000000, 0x0000000100000000)
  region size 1024K, 52 young (53248K), 11 survivors (11264K)
 Metaspace       used 24348K, capacity 24994K, committed 25216K, reserved 1071104K
  class space    used 3128K, capacity 3353K, committed 3456K, reserved 1048576K
}
Event: 4.764 GC heap after
{Heap after GC invocations=4 (full 0):
 garbage-first heap   total 245760K, used 19039K [0x0000000080000000, 0x0000000100000000)
  region size 1024K, 2 young (2048K), 2 survivors (2048K)
 Metaspace       used 24348K, capacity 24994K, committed 25216K, reserved 1071104K
  class space    used 3128K, capacity 3353K, committed 3456K, reserved 1048576K
}
Event: 6.361 GC heap before
{Heap before GC invocations=4 (full 0):
 garbage-first heap   total 245760K, used 95839K [0x0000000080000000, 0x0000000100000000)
  region size 1024K, 78 young (79872K), 2 survivors (2048K)
 Metaspace       used 35032K, capacity 35802K, committed 35840K, reserved 1081344K
  class space    used 4540K, capacity 4832K, committed 4864K, reserved 1048576K
}
Event: 6.374 GC heap after
{Heap after GC invocations=5 (full 0):
 garbage-first heap   total 245760K, used 23107K [0x0000000080000000, 0x0000000100000000)
  region size 1024K, 6 young (6144K), 6 survivors (6144K)
 Metaspace       used 35032K, capacity 35802K, committed 35840K, reserved 1081344K
  class space    used 4540K, capacity 4832K, committed 4864K, reserved 1048576K
}
Event: 8.303 GC heap before
{Heap before GC invocations=6 (full 0):
 garbage-first heap   total 245760K, used 134723K [0x0000000080000000, 0x0000000100000000)
  region size 1024K, 112 young (114688K), 6 survivors (6144K)
 Metaspace       used 43703K, capacity 44734K, committed 44928K, reserved 1087488K
  class space    used 5588K, capacity 5966K, committed 6016K, reserved 1048576K
}
Event: 8.314 GC heap after
{Heap after GC invocations=7 (full 0):
 garbage-first heap   total 245760K, used 28794K [0x0000000080000000, 0x0000000100000000)
  region size 1024K, 12 young (12288K), 12 survivors (12288K)
 Metaspace       used 43703K, capacity 44734K, committed 44928K, reserved 1087488K
  class space    used 5588K, capacity 5966K, committed 6016K, reserved 1048576K
}
Event: 11.133 GC heap before
{Heap before GC invocations=7 (full 0):
 garbage-first heap   total 245760K, used 151674K [0x0000000080000000, 0x0000000100000000)
  region size 1024K, 128 young (131072K), 12 survivors (12288K)
 Metaspace       used 53240K, capacity 54630K, committed 54656K, reserved 1097728K
  class space    used 6808K, capacity 7286K, committed 7296K, reserved 1048576K
}
Event: 11.154 GC heap after
{Heap after GC invocations=8 (full 0):
 garbage-first heap   total 245760K, used 42706K [0x0000000080000000, 0x0000000100000000)
  region size 1024K, 16 young (16384K), 16 survivors (16384K)
 Metaspace       used 53240K, capacity 54630K, committed 54656K, reserved 1097728K
  class space    used 6808K, capacity 7286K, committed 7296K, reserved 1048576K
}
Event: 12.027 GC heap before
{Heap before GC invocations=8 (full 0):
 garbage-first heap   total 245760K, used 74450K [0x0000000080000000, 0x0000000100000000)
  region size 1024K, 48 young (49152K), 16 survivors (16384K)
 Metaspace       used 58567K, capacity 60066K, committed 60160K, reserved 1101824K
  class space    used 7433K, capacity 7985K, committed 8064K, reserved 1048576K
}
Event: 12.049 GC heap after
{Heap after GC invocations=9 (full 0):
 garbage-first heap   total 245760K, used 45446K [0x0000000080000000, 0x0000000100000000)
  region size 1024K, 4 young (4096K), 4 survivors (4096K)
 Metaspace       used 58567K, capacity 60066K, committed 60160K, reserved 1101824K
  class space    used 7433K, capacity 7985K, committed 8064K, reserved 1048576K
}

Deoptimization events (20 events):
Event: 12.876 Thread 0x00000246d33ac800 Uncommon trap: trap_request=0xffffff4d fr.pc=0x00000246c033b3c8 relative=0x0000000000000368
Event: 12.876 Thread 0x00000246d33ac800 Uncommon trap: reason=unstable_if action=reinterpret pc=0x00000246c033b3c8 method=org.gradle.internal.reflect.PropertyAccessorType.of(Ljava/lang/reflect/Method;)Lorg/gradle/internal/reflect/PropertyAccessorType; @ 56 c2
Event: 12.876 Thread 0x00000246d33ac800 DEOPT PACKING pc=0x00000246c033b3c8 sp=0x000000fe8d5f7a60
Event: 12.876 Thread 0x00000246d33ac800 DEOPT UNPACKING pc=0x00000246b86378af sp=0x000000fe8d5f7a20 mode 2
Event: 13.322 Thread 0x00000246d33ac800 Uncommon trap: trap_request=0xffffff4d fr.pc=0x00000246c02ae078 relative=0x0000000000000338
Event: 13.322 Thread 0x00000246d33ac800 Uncommon trap: reason=unstable_if action=reinterpret pc=0x00000246c02ae078 method=java.util.StringJoiner.add(Ljava/lang/CharSequence;)Ljava/util/StringJoiner; @ 33 c2
Event: 13.322 Thread 0x00000246d33ac800 DEOPT PACKING pc=0x00000246c02ae078 sp=0x000000fe8d5f6010
Event: 13.322 Thread 0x00000246d33ac800 DEOPT UNPACKING pc=0x00000246b86378af sp=0x000000fe8d5f5fc0 mode 2
Event: 13.382 Thread 0x00000246d33ac800 Uncommon trap: trap_request=0xfffffff4 fr.pc=0x00000246c04bec58 relative=0x00000000000009b8
Event: 13.382 Thread 0x00000246d33ac800 Uncommon trap: reason=null_check action=make_not_entrant pc=0x00000246c04bec58 method=com.sun.beans.introspect.MethodInfo$MethodOrder.compare(Ljava/lang/reflect/Method;Ljava/lang/reflect/Method;)I @ 133 c2
Event: 13.382 Thread 0x00000246d33ac800 DEOPT PACKING pc=0x00000246c04bec58 sp=0x000000fe8d5f4170
Event: 13.382 Thread 0x00000246d33ac800 DEOPT UNPACKING pc=0x00000246b86378af sp=0x000000fe8d5f40a0 mode 2
Event: 13.469 Thread 0x00000246d33ac800 Uncommon trap: trap_request=0xfffffff4 fr.pc=0x00000246c04c7d34 relative=0x0000000000000af4
Event: 13.469 Thread 0x00000246d33ac800 Uncommon trap: reason=null_check action=make_not_entrant pc=0x00000246c04c7d34 method=com.sun.beans.introspect.MethodInfo$MethodOrder.compare(Ljava/lang/reflect/Method;Ljava/lang/reflect/Method;)I @ 145 c2
Event: 13.469 Thread 0x00000246d33ac800 DEOPT PACKING pc=0x00000246c04c7d34 sp=0x000000fe8d5f2e80
Event: 13.469 Thread 0x00000246d33ac800 DEOPT UNPACKING pc=0x00000246b86378af sp=0x000000fe8d5f2db0 mode 2
Event: 13.469 Thread 0x00000246d33ac800 Uncommon trap: trap_request=0xfffffff4 fr.pc=0x00000246c04c9180 relative=0x0000000000000a60
Event: 13.469 Thread 0x00000246d33ac800 Uncommon trap: reason=null_check action=make_not_entrant pc=0x00000246c04c9180 method=com.sun.beans.introspect.MethodInfo$MethodOrder.compare(Ljava/lang/reflect/Method;Ljava/lang/reflect/Method;)I @ 145 c2
Event: 13.469 Thread 0x00000246d33ac800 DEOPT PACKING pc=0x00000246c04c9180 sp=0x000000fe8d5f2dd0
Event: 13.469 Thread 0x00000246d33ac800 DEOPT UNPACKING pc=0x00000246b86378af sp=0x000000fe8d5f2d88 mode 2

Classes redefined (0 events):
No events

Internal exceptions (20 events):
Event: 13.441 Thread 0x00000246d33ac800 Exception <a 'java/lang/ClassNotFoundException'{0x000000008aafcad0}: org/gradle/api/internal/FactoryNamedDomainObjectContainerCustomizer> (0x000000008aafcad0) thrown at [./src/hotspot/share/classfile/systemDictionary.cpp, line 231]
Event: 13.443 Thread 0x00000246d33ac800 Exception <a 'java/lang/ClassNotFoundException'{0x000000008a93cf90}: org/gradle/api/internal/FactoryNamedDomainObjectContainer_DecoratedCustomizer> (0x000000008a93cf90) thrown at [./src/hotspot/share/classfile/systemDictionary.cpp, line 231]
Event: 13.467 Thread 0x00000246d33ac800 Exception <a 'java/lang/ClassNotFoundException'{0x000000008a755de0}: com/android/build/gradle/internal/dsl/BuildType_DecoratedBeanInfo> (0x000000008a755de0) thrown at [./src/hotspot/share/classfile/systemDictionary.cpp, line 231]
Event: 13.468 Thread 0x00000246d33ac800 Exception <a 'java/lang/ClassNotFoundException'{0x000000008a76e4c8}: com/android/build/gradle/internal/dsl/BuildTypeBeanInfo> (0x000000008a76e4c8) thrown at [./src/hotspot/share/classfile/systemDictionary.cpp, line 231]
Event: 13.468 Thread 0x00000246d33ac800 Exception <a 'java/lang/ClassNotFoundException'{0x000000008a786290}: com/android/builder/core/AbstractBuildTypeBeanInfo> (0x000000008a786290) thrown at [./src/hotspot/share/classfile/systemDictionary.cpp, line 231]
Event: 13.469 Thread 0x00000246d33ac800 Exception <a 'java/lang/ClassNotFoundException'{0x000000008a79e540}: com/android/builder/core/AbstractBuildTypeCustomizer> (0x000000008a79e540) thrown at [./src/hotspot/share/classfile/systemDictionary.cpp, line 231]
Event: 13.469 Thread 0x00000246d33ac800 Implicit null exception at 0x00000246c04c78b7 to 0x00000246c04c7d20
Event: 13.469 Thread 0x00000246d33ac800 Implicit null exception at 0x00000246c04c8d3e to 0x00000246c04c916c
Event: 13.471 Thread 0x00000246d33ac800 Exception <a 'java/lang/ClassNotFoundException'{0x000000008a7d3280}: com/android/build/gradle/internal/dsl/BuildTypeCustomizer> (0x000000008a7d3280) thrown at [./src/hotspot/share/classfile/systemDictionary.cpp, line 231]
Event: 13.474 Thread 0x00000246d33ac800 Exception <a 'java/lang/ClassNotFoundException'{0x000000008a65fa80}: com/android/build/gradle/internal/dsl/BuildType_DecoratedCustomizer> (0x000000008a65fa80) thrown at [./src/hotspot/share/classfile/systemDictionary.cpp, line 231]
Event: 13.483 Thread 0x00000246d33ac800 Exception <a 'java/lang/ClassNotFoundException'{0x000000008a521e28}: build_37ahudaw2sdtefl5zxlgzd3h1$_run_closure1$_closure4BeanInfo> (0x000000008a521e28) thrown at [./src/hotspot/share/classfile/systemDictionary.cpp, line 231]
Event: 13.484 Thread 0x00000246d33ac800 Exception <a 'java/lang/ClassNotFoundException'{0x000000008a532590}: build_37ahudaw2sdtefl5zxlgzd3h1$_run_closure1$_closure4Customizer> (0x000000008a532590) thrown at [./src/hotspot/share/classfile/systemDictionary.cpp, line 231]
Event: 13.487 Thread 0x00000246d33ac800 Exception <a 'java/lang/ClassNotFoundException'{0x000000008a55b358}: build_37ahudaw2sdtefl5zxlgzd3h1$_run_closure1BeanInfo> (0x000000008a55b358) thrown at [./src/hotspot/share/classfile/systemDictionary.cpp, line 231]
Event: 13.488 Thread 0x00000246d33ac800 Exception <a 'java/lang/ClassNotFoundException'{0x000000008a56b168}: build_37ahudaw2sdtefl5zxlgzd3h1$_run_closure1Customizer> (0x000000008a56b168) thrown at [./src/hotspot/share/classfile/systemDictionary.cpp, line 231]
Event: 13.495 Thread 0x00000246d33ac800 Exception <a 'java/lang/ClassNotFoundException'{0x000000008a5c91a8}: org/gradle/api/JavaVersionBeanInfo> (0x000000008a5c91a8) thrown at [./src/hotspot/share/classfile/systemDictionary.cpp, line 231]
Event: 13.496 Thread 0x00000246d33ac800 Exception <a 'java/lang/ClassNotFoundException'{0x000000008a5f3450}: org/gradle/api/JavaVersionCustomizer> (0x000000008a5f3450) thrown at [./src/hotspot/share/classfile/systemDictionary.cpp, line 231]
Event: 13.502 Thread 0x00000246d33ac800 Exception <a 'java/lang/ClassNotFoundException'{0x000000008a4485d8}: com/android/build/gradle/internal/CompileOptions_DecoratedBeanInfo> (0x000000008a4485d8) thrown at [./src/hotspot/share/classfile/systemDictionary.cpp, line 231]
Event: 13.503 Thread 0x00000246d33ac800 Exception <a 'java/lang/ClassNotFoundException'{0x000000008a45fa30}: com/android/build/gradle/internal/CompileOptionsBeanInfo> (0x000000008a45fa30) thrown at [./src/hotspot/share/classfile/systemDictionary.cpp, line 231]
Event: 13.504 Thread 0x00000246d33ac800 Exception <a 'java/lang/ClassNotFoundException'{0x000000008a477618}: com/android/build/gradle/internal/CompileOptionsCustomizer> (0x000000008a477618) thrown at [./src/hotspot/share/classfile/systemDictionary.cpp, line 231]
Event: 13.505 Thread 0x00000246d33ac800 Exception <a 'java/lang/ClassNotFoundException'{0x000000008a49be60}: com/android/build/gradle/internal/CompileOptions_DecoratedCustomizer> (0x000000008a49be60) thrown at [./src/hotspot/share/classfile/systemDictionary.cpp, line 231]

Events (20 events):
Event: 13.752 loading class com/android/build/api/variant/VariantOutput
Event: 13.752 loading class com/android/build/api/variant/VariantOutput done
Event: 13.753 loading class com/android/builder/compiling/BuildConfigType
Event: 13.753 loading class com/android/builder/compiling/BuildConfigType done
Event: 13.755 loading class com/android/build/api/component/impl/ComponentImpl$Companion
Event: 13.755 loading class com/android/build/api/component/impl/ComponentImpl$Companion done
Event: 13.756 loading class com/android/build/gradle/internal/instrumentation/AsmClassVisitorsFactoryRegistry
Event: 13.756 loading class com/android/build/gradle/internal/instrumentation/AsmClassVisitorsFactoryRegistry done
Event: 13.757 loading class com/android/build/api/variant/BuildConfigField
Event: 13.757 loading class com/android/build/api/variant/BuildConfigField done
Event: 13.759 loading class com/android/build/api/instrumentation/AsmClassVisitorFactory
Event: 13.759 loading class com/android/build/api/instrumentation/AsmClassVisitorFactory done
Event: 13.760 loading class com/android/build/api/variant/ResValue
Event: 13.760 loading class com/android/build/api/variant/ResValue done
Event: 13.773 loading class com/android/build/gradle/internal/manifest/LazyManifestParser$manifestData$2$provider$1
Event: 13.773 loading class com/android/build/gradle/internal/manifest/LazyManifestParser$manifestData$2$provider$1 done
Event: 13.774 loading class com/android/build/gradle/internal/manifest/ManifestData
Event: 13.774 loading class com/android/build/gradle/internal/manifest/ManifestData done
Event: 13.775 loading class com/android/build/gradle/internal/core/VariantDslInfoImpl$dslOrManifestNamespace$2$1
Event: 13.775 loading class com/android/build/gradle/internal/core/VariantDslInfoImpl$dslOrManifestNamespace$2$1 done


Dynamic libraries:
0x00007ff6998f0000 - 0x00007ff6998fa000 	D:\android\jre\bin\java.exe
0x00007ff937d50000 - 0x00007ff937f45000 	C:\WINDOWS\SYSTEM32\ntdll.dll
0x00007ff937b20000 - 0x00007ff937bdd000 	C:\WINDOWS\System32\KERNEL32.DLL
0x00007ff935730000 - 0x00007ff9359f9000 	C:\WINDOWS\System32\KERNELBASE.dll
0x00007ff935630000 - 0x00007ff935730000 	C:\WINDOWS\System32\ucrtbase.dll
0x00007ff90c3b0000 - 0x00007ff90c3c7000 	D:\android\jre\bin\VCRUNTIME140.dll
0x00007ff9079c0000 - 0x00007ff9079d9000 	D:\android\jre\bin\jli.dll
0x00007ff937920000 - 0x00007ff937ac0000 	C:\WINDOWS\System32\USER32.dll
0x00007ff9354d0000 - 0x00007ff9354f2000 	C:\WINDOWS\System32\win32u.dll
0x00007ff91e7c0000 - 0x00007ff91ea5a000 	C:\WINDOWS\WinSxS\amd64_microsoft.windows.common-controls_6595b64144ccf1df_6.0.19041.1110_none_60b5254171f9507e\COMCTL32.dll
0x00007ff935db0000 - 0x00007ff935dda000 	C:\WINDOWS\System32\GDI32.dll
0x00007ff936530000 - 0x00007ff9365ce000 	C:\WINDOWS\System32\msvcrt.dll
0x00007ff935a00000 - 0x00007ff935b0b000 	C:\WINDOWS\System32\gdi32full.dll
0x00007ff935560000 - 0x00007ff9355fd000 	C:\WINDOWS\System32\msvcp_win.dll
0x00007ff936500000 - 0x00007ff936530000 	C:\WINDOWS\System32\IMM32.DLL
0x00007ff8ef380000 - 0x00007ff8ef41d000 	D:\android\jre\bin\msvcp140.dll
0x00007ff8b6b90000 - 0x00007ff8b765f000 	D:\android\jre\bin\server\jvm.dll
0x00007ff9363f0000 - 0x00007ff93649c000 	C:\WINDOWS\System32\ADVAPI32.dll
0x00007ff9370a0000 - 0x00007ff93713b000 	C:\WINDOWS\System32\sechost.dll
0x00007ff937be0000 - 0x00007ff937d0a000 	C:\WINDOWS\System32\RPCRT4.dll
0x00007ff9363e0000 - 0x00007ff9363e8000 	C:\WINDOWS\System32\PSAPI.DLL
0x00007ff923c20000 - 0x00007ff923c47000 	C:\WINDOWS\SYSTEM32\WINMM.dll
0x00007ff92b530000 - 0x00007ff92b539000 	C:\WINDOWS\SYSTEM32\WSOCK32.dll
0x00007ff92acb0000 - 0x00007ff92acba000 	C:\WINDOWS\SYSTEM32\VERSION.dll
0x00007ff937430000 - 0x00007ff93749b000 	C:\WINDOWS\System32\WS2_32.dll
0x00007ff933d40000 - 0x00007ff933d52000 	C:\WINDOWS\SYSTEM32\kernel.appcore.dll
0x00007ff931bb0000 - 0x00007ff931bc1000 	D:\android\jre\bin\verify.dll
0x00007ff932560000 - 0x00007ff932744000 	C:\WINDOWS\SYSTEM32\DBGHELP.DLL
0x00007ff92ba80000 - 0x00007ff92baac000 	C:\WINDOWS\SYSTEM32\dbgcore.DLL
0x00007ff935b10000 - 0x00007ff935b93000 	C:\WINDOWS\System32\bcryptPrimitives.dll
0x00007ff8f1520000 - 0x00007ff8f1549000 	D:\android\jre\bin\java.dll
0x00007ff92b040000 - 0x00007ff92b04b000 	D:\android\jre\bin\jimage.dll
0x00007ff8f1500000 - 0x00007ff8f1518000 	D:\android\jre\bin\zip.dll
0x00007ff936960000 - 0x00007ff93709f000 	C:\WINDOWS\System32\SHELL32.dll
0x00007ff933570000 - 0x00007ff933d00000 	C:\WINDOWS\SYSTEM32\windows.storage.dll
0x00007ff935de0000 - 0x00007ff936135000 	C:\WINDOWS\System32\combase.dll
0x00007ff934e10000 - 0x00007ff934e3c000 	C:\WINDOWS\SYSTEM32\Wldp.dll
0x00007ff9372c0000 - 0x00007ff93736e000 	C:\WINDOWS\System32\SHCORE.dll
0x00007ff937260000 - 0x00007ff9372b5000 	C:\WINDOWS\System32\shlwapi.dll
0x00007ff9353c0000 - 0x00007ff9353df000 	C:\WINDOWS\SYSTEM32\profapi.dll
0x00007ff8f14e0000 - 0x00007ff8f14fa000 	D:\android\jre\bin\net.dll
0x00007ff92a840000 - 0x00007ff92a948000 	C:\WINDOWS\SYSTEM32\WINHTTP.dll
0x00007ff934b70000 - 0x00007ff934bda000 	C:\WINDOWS\system32\mswsock.dll
0x00007ff8f13e0000 - 0x00007ff8f13f4000 	D:\android\jre\bin\nio.dll
0x00007ff906650000 - 0x00007ff906677000 	C:\Users\ΐνδπει\.gradle\native\8bec1ad78214c89d9ad589b4d07fe93259594b29d510b10fafb7a158f7737e5d\windows-amd64\native-platform.dll
0x00007ff8eb6d0000 - 0x00007ff8eb80d000 	C:\Users\ΐνδπει\.gradle\native\53dbd7edfb1c66fb8903c78663c9afc45aea4f116125fa6feffd364cf09443e8\windows-amd64\native-platform-file-events.dll
0x00007ff92b030000 - 0x00007ff92b03a000 	D:\android\jre\bin\management.dll
0x00007ff911260000 - 0x00007ff91126c000 	D:\android\jre\bin\management_ext.dll
0x00007ff934d60000 - 0x00007ff934d78000 	C:\WINDOWS\SYSTEM32\CRYPTSP.dll
0x00007ff9344f0000 - 0x00007ff934524000 	C:\WINDOWS\system32\rsaenh.dll
0x00007ff935600000 - 0x00007ff935627000 	C:\WINDOWS\System32\bcrypt.dll
0x00007ff935380000 - 0x00007ff9353ae000 	C:\WINDOWS\SYSTEM32\USERENV.dll
0x00007ff934d80000 - 0x00007ff934d8c000 	C:\WINDOWS\SYSTEM32\CRYPTBASE.dll
0x00007ff934860000 - 0x00007ff93489b000 	C:\WINDOWS\SYSTEM32\IPHLPAPI.DLL
0x00007ff937420000 - 0x00007ff937428000 	C:\WINDOWS\System32\NSI.dll
0x00007ff92c8a0000 - 0x00007ff92c8b7000 	C:\WINDOWS\SYSTEM32\dhcpcsvc6.DLL
0x00007ff92cae0000 - 0x00007ff92cafd000 	C:\WINDOWS\SYSTEM32\dhcpcsvc.DLL
0x00007ff9348a0000 - 0x00007ff93496c000 	C:\WINDOWS\SYSTEM32\DNSAPI.dll

dbghelp: loaded successfully - version: 4.0.5 - missing functions: none
symbol engine: initialized successfully - sym options: 0x614 - pdb path: .;D:\android\jre\bin;C:\WINDOWS\SYSTEM32;C:\WINDOWS\WinSxS\amd64_microsoft.windows.common-controls_6595b64144ccf1df_6.0.19041.1110_none_60b5254171f9507e;D:\android\jre\bin\server;C:\Users\ΐνδπει\.gradle\native\8bec1ad78214c89d9ad589b4d07fe93259594b29d510b10fafb7a158f7737e5d\windows-amd64;C:\Users\ΐνδπει\.gradle\native\53dbd7edfb1c66fb8903c78663c9afc45aea4f116125fa6feffd364cf09443e8\windows-amd64

VM Arguments:
jvm_args: --add-opens=java.base/java.util=ALL-UNNAMED --add-opens=java.base/java.lang=ALL-UNNAMED --add-opens=java.base/java.lang.invoke=ALL-UNNAMED --add-opens=java.base/java.util=ALL-UNNAMED --add-opens=java.prefs/java.util.prefs=ALL-UNNAMED --add-opens=java.prefs/java.util.prefs=ALL-UNNAMED --add-opens=java.base/java.nio.charset=ALL-UNNAMED --add-opens=java.base/java.net=ALL-UNNAMED --add-opens=java.base/java.util.concurrent.atomic=ALL-UNNAMED -Xmx2048m -Dfile.encoding=UTF-8 -Duser.country=RU -Duser.language=ru -Duser.variant 
java_command: org.gradle.launcher.daemon.bootstrap.GradleDaemon 7.0.2
java_class_path (initial): C:\Users\ΐνδπει\.gradle\wrapper\dists\gradle-7.0.2-bin\857tjihv64xamwrf0h14cai3r\gradle-7.0.2\lib\gradle-launcher-7.0.2.jar
Launcher Type: SUN_STANDARD

[Global flags]
     intx CICompilerCount                          = 4                                         {product} {ergonomic}
     uint ConcGCThreads                            = 2                                         {product} {ergonomic}
     uint G1ConcRefinementThreads                  = 8                                         {product} {ergonomic}
   size_t G1HeapRegionSize                         = 1048576                                   {product} {ergonomic}
    uintx GCDrainStackTargetSize                   = 64                                        {product} {ergonomic}
   size_t InitialHeapSize                          = 251658240                                 {product} {ergonomic}
   size_t MarkStackSize                            = 4194304                                   {product} {ergonomic}
   size_t MaxHeapSize                              = 2147483648                                {product} {command line}
   size_t MaxNewSize                               = 1287651328                                {product} {ergonomic}
   size_t MinHeapDeltaBytes                        = 1048576                                   {product} {ergonomic}
    uintx NonNMethodCodeHeapSize                   = 5836300                                {pd product} {ergonomic}
    uintx NonProfiledCodeHeapSize                  = 122910970                              {pd product} {ergonomic}
    uintx ProfiledCodeHeapSize                     = 122910970                              {pd product} {ergonomic}
    uintx ReservedCodeCacheSize                    = 251658240                              {pd product} {ergonomic}
     bool SegmentedCodeCache                       = true                                      {product} {ergonomic}
     bool UseCompressedClassPointers               = true                                 {lp64_product} {ergonomic}
     bool UseCompressedOops                        = true                                 {lp64_product} {ergonomic}
     bool UseG1GC                                  = true                                      {product} {ergonomic}
     bool UseLargePagesIndividualAllocation        = false                                  {pd product} {ergonomic}

Logging:
Log output configuration:
 #0: stdout all=warning uptime,level,tags
 #1: stderr all=off uptime,level,tags

Environment Variables:
PATH=C:\Program Files\Java\jdk-15.0.2\bin;C:\Program Files\Common Files\Oracle\Java\javapath;C:\ProgramData\Oracle\Java\javapath;C:\WINDOWS\system32;C:\WINDOWS;C:\WINDOWS\System32\Wbem;C:\WINDOWS\System32\WindowsPowerShell\v1.0\;C:\WINDOWS\System32\OpenSSH\;C:\Program Files\dotnet\;C:\Program Files\Microsoft SQL Server\130\Tools\Binn\;C:\Program Files\Microsoft SQL Server\Client SDK\ODBC\170\Tools\Binn\;C:\Program Files\Microsoft SQL Server\Client SDK\ODBC\130\Tools\Binn\;C:\Program Files (x86)\Microsoft SQL Server\140\Tools\Binn\;C:\Program Files\Microsoft SQL Server\140\Tools\Binn\;C:\Program Files\Microsoft SQL Server\140\DTS\Binn\;C:\Program Files (x86)\Microsoft SQL Server\Client SDK\ODBC\130\Tools\Binn\;C:\Program Files (x86)\Microsoft SQL Server\140\DTS\Binn\;C:\Program Files (x86)\Microsoft SQL Server\140\Tools\Binn\ManagementStudio\;C:\Program Files (x86)\dotnet\;C:\Users\ΐνδπει\AppData\Local\Microsoft\WindowsApps;C:\Users\ΐνδπει\.dotnet\tools;
USERNAME=ΐνδπει
OS=Windows_NT
PROCESSOR_IDENTIFIER=AMD64 Family 23 Model 24 Stepping 1, AuthenticAMD



---------------  S Y S T E M  ---------------

OS: Windows 10 , 64 bit Build 19041 (10.0.19041.1151)
OS uptime: 20 days 11:14 hours

CPU:total 8 (initial active 8) (8 cores per cpu, 2 threads per core) family 23 model 24 stepping 1 microcode 0x0, cmov, cx8, fxsr, mmx, sse, sse2, sse3, ssse3, sse4.1, sse4.2, popcnt, avx, avx2, aes, clmul, mmxext, 3dnowpref, lzcnt, sse4a, ht, tsc, tscinvbit, tscinv, bmi1, bmi2, adx, s

Memory: 4k page, system-wide physical 15297M (2736M free)
TotalPageFile size 19449M (AvailPageFile size 5M)
current process WorkingSet (physical memory assigned to process): 389M, peak: 390M
current process commit charge ("private bytes"): 480M, peak: 481M

vm_info: OpenJDK 64-Bit Server VM (11.0.10+0-b96-7249189) for windows-amd64 JRE (11.0.10+0-b96-7249189), built on Mar 31 2021 21:44:00 by "builder" with MS VC++ 14.0 (VS2015)

END.
